2023-08-22T03:10:06.284Z [Modules] Modules initializing
2023-08-22T03:10:06.284Z [Modules] Distribution: remote
2023-08-22T03:10:06.284Z [Modules] Host updates: enabled
2023-08-22T03:10:06.284Z [Modules] Module updates: enabled
2023-08-22T03:10:06.285Z [Modules] Module install path: /home/david/.config/discord/0.0.28/modules
2023-08-22T03:10:06.285Z [Modules] Module installed file path: /home/david/.config/discord/0.0.28/modules/installed.json
2023-08-22T03:10:06.285Z [Modules] Module download path: /home/david/.config/discord/0.0.28/modules/pending
2023-08-22T03:10:07.308Z [Modules] Bootstrapping...
2023-08-22T03:10:07.308Z [Modules] Installing discord_desktop_core@0 from /opt/discord/resources/bootstrap/discord_desktop_core.zip
2023-08-22T03:10:07.309Z [Modules] Failed installing discord_desktop_core@0: Error: ENOENT: no such file or directory, open '/opt/discord/resources/bootstrap/discord_desktop_core.zip'
2023-08-22T03:10:07.309Z [Modules] Installing discord_erlpack@0 from /opt/discord/resources/bootstrap/discord_erlpack.zip
2023-08-22T03:10:07.309Z [Modules] Failed installing discord_erlpack@0: Error: ENOENT: no such file or directory, open '/opt/discord/resources/bootstrap/discord_erlpack.zip'
2023-08-22T03:10:07.309Z [Modules] Installing discord_spellcheck@0 from /opt/discord/resources/bootstrap/discord_spellcheck.zip
2023-08-22T03:10:07.310Z [Modules] Failed installing discord_spellcheck@0: Error: ENOENT: no such file or directory, open '/opt/discord/resources/bootstrap/discord_spellcheck.zip'
2023-08-22T03:10:07.311Z [Modules] Installing discord_utils@0 from /opt/discord/resources/bootstrap/discord_utils.zip
2023-08-22T03:10:07.311Z [Modules] Failed installing discord_utils@0: Error: ENOENT: no such file or directory, open '/opt/discord/resources/bootstrap/discord_utils.zip'
2023-08-22T03:10:07.311Z [Modules] Installing discord_voice@0 from /opt/discord/resources/bootstrap/discord_voice.zip
2023-08-22T03:10:07.312Z [Modules] Failed installing discord_voice@0: Error: ENOENT: no such file or directory, open '/opt/discord/resources/bootstrap/discord_voice.zip'
2023-08-22T03:10:07.312Z [Modules] Finished module installations. [success: 0] [failure: 5]
2023-08-22T03:10:07.312Z [Modules] Checking for host updates.
2023-08-22T03:10:07.637Z [Modules] Host is up to date.
2023-08-22T03:10:07.637Z [Modules] Checking for module updates at https://discord.com/api/modules/stable/versions.json
2023-08-22T03:10:07.749Z [Modules] Module update available: discord_desktop_core@1 [installed: 0]
2023-08-22T03:10:07.749Z [Modules] Module update available: discord_erlpack@1 [installed: 0]
2023-08-22T03:10:07.749Z [Modules] Module update available: discord_spellcheck@1 [installed: 0]
2023-08-22T03:10:07.749Z [Modules] Module update available: discord_utils@2 [installed: 0]
2023-08-22T03:10:07.749Z [Modules] Module update available: discord_voice@3 [installed: 0]
2023-08-22T03:10:07.750Z [Modules] Fetching discord_desktop_core@1 from https://discord.com/api/modules/stable/discord_desktop_core/1
2023-08-22T03:10:07.751Z [Modules] Streaming discord_desktop_core@1 to /home/david/.config/discord/0.0.28/modules/pending/discord_desktop_core-1.zip
2023-08-22T03:10:08.126Z [Modules] Streaming discord_desktop_core@1 to /home/david/.config/discord/0.0.28/modules/pending/discord_desktop_core-1.zip: 1%
2023-08-22T03:10:08.143Z [Modules] Streaming discord_desktop_core@1 to /home/david/.config/discord/0.0.28/modules/pending/discord_desktop_core-1.zip: 2%
2023-08-22T03:10:08.166Z [Modules] Streaming discord_desktop_core@1 to /home/david/.config/discord/0.0.28/modules/pending/discord_desktop_core-1.zip: 3%
2023-08-22T03:10:08.179Z [Modules] Streaming discord_desktop_core@1 to /home/david/.config/discord/0.0.28/modules/pending/discord_desktop_core-1.zip: 4%
2023-08-22T03:10:08.194Z [Modules] Streaming discord_desktop_core@1 to /home/david/.config/discord/0.0.28/modules/pending/discord_desktop_core-1.zip: 5%
2023-08-22T03:10:08.199Z [Modules] Streaming discord_desktop_core@1 to /home/david/.config/discord/0.0.28/modules/pending/discord_desktop_core-1.zip: 6%
2023-08-22T03:10:08.211Z [Modules] Streaming discord_desktop_core@1 to /home/david/.config/discord/0.0.28/modules/pending/discord_desktop_core-1.zip: 7%
2023-08-22T03:10:08.225Z [Modules] Streaming discord_desktop_core@1 to /home/david/.config/discord/0.0.28/modules/pending/discord_desktop_core-1.zip: 8%
2023-08-22T03:10:08.238Z [Modules] Streaming discord_desktop_core@1 to /home/david/.config/discord/0.0.28/modules/pending/discord_desktop_core-1.zip: 10%
2023-08-22T03:10:08.241Z [Modules] Streaming discord_desktop_core@1 to /home/david/.config/discord/0.0.28/modules/pending/discord_desktop_core-1.zip: 11%
2023-08-22T03:10:08.243Z [Modules] Streaming discord_desktop_core@1 to /home/david/.config/discord/0.0.28/modules/pending/discord_desktop_core-1.zip: 12%
2023-08-22T03:10:08.246Z [Modules] Streaming discord_desktop_core@1 to /home/david/.config/discord/0.0.28/modules/pending/discord_desktop_core-1.zip: 13%
2023-08-22T03:10:08.250Z [Modules] Streaming discord_desktop_core@1 to /home/david/.config/discord/0.0.28/modules/pending/discord_desktop_core-1.zip: 14%
2023-08-22T03:10:08.253Z [Modules] Streaming discord_desktop_core@1 to /home/david/.config/discord/0.0.28/modules/pending/discord_desktop_core-1.zip: 15%
2023-08-22T03:10:08.260Z [Modules] Streaming discord_desktop_core@1 to /home/david/.config/discord/0.0.28/modules/pending/discord_desktop_core-1.zip: 16%
2023-08-22T03:10:08.263Z [Modules] Streaming discord_desktop_core@1 to /home/david/.config/discord/0.0.28/modules/pending/discord_desktop_core-1.zip: 17%
2023-08-22T03:10:08.272Z [Modules] Streaming discord_desktop_core@1 to /home/david/.config/discord/0.0.28/modules/pending/discord_desktop_core-1.zip: 18%
2023-08-22T03:10:08.275Z [Modules] Streaming discord_desktop_core@1 to /home/david/.config/discord/0.0.28/modules/pending/discord_desktop_core-1.zip: 19%
2023-08-22T03:10:08.278Z [Modules] Streaming discord_desktop_core@1 to /home/david/.config/discord/0.0.28/modules/pending/discord_desktop_core-1.zip: 20%
2023-08-22T03:10:08.284Z [Modules] Streaming discord_desktop_core@1 to /home/david/.config/discord/0.0.28/modules/pending/discord_desktop_core-1.zip: 23%
2023-08-22T03:10:08.285Z [Modules] Streaming discord_desktop_core@1 to /home/david/.config/discord/0.0.28/modules/pending/discord_desktop_core-1.zip: 24%
2023-08-22T03:10:08.290Z [Modules] Streaming discord_desktop_core@1 to /home/david/.config/discord/0.0.28/modules/pending/discord_desktop_core-1.zip: 27%
2023-08-22T03:10:08.296Z [Modules] Streaming discord_desktop_core@1 to /home/david/.config/discord/0.0.28/modules/pending/discord_desktop_core-1.zip: 31%
2023-08-22T03:10:08.300Z [Modules] Streaming discord_desktop_core@1 to /home/david/.config/discord/0.0.28/modules/pending/discord_desktop_core-1.zip: 32%
2023-08-22T03:10:08.304Z [Modules] Streaming discord_desktop_core@1 to /home/david/.config/discord/0.0.28/modules/pending/discord_desktop_core-1.zip: 35%
2023-08-22T03:10:08.305Z [Modules] Streaming discord_desktop_core@1 to /home/david/.config/discord/0.0.28/modules/pending/discord_desktop_core-1.zip: 36%
2023-08-22T03:10:08.307Z [Modules] Streaming discord_desktop_core@1 to /home/david/.config/discord/0.0.28/modules/pending/discord_desktop_core-1.zip: 37%
2023-08-22T03:10:08.310Z [Modules] Streaming discord_desktop_core@1 to /home/david/.config/discord/0.0.28/modules/pending/discord_desktop_core-1.zip: 39%
2023-08-22T03:10:08.314Z [Modules] Streaming discord_desktop_core@1 to /home/david/.config/discord/0.0.28/modules/pending/discord_desktop_core-1.zip: 40%
2023-08-22T03:10:08.321Z [Modules] Streaming discord_desktop_core@1 to /home/david/.config/discord/0.0.28/modules/pending/discord_desktop_core-1.zip: 42%
2023-08-22T03:10:08.324Z [Modules] Streaming discord_desktop_core@1 to /home/david/.config/discord/0.0.28/modules/pending/discord_desktop_core-1.zip: 44%
2023-08-22T03:10:08.326Z [Modules] Streaming discord_desktop_core@1 to /home/david/.config/discord/0.0.28/modules/pending/discord_desktop_core-1.zip: 45%
2023-08-22T03:10:08.327Z [Modules] Streaming discord_desktop_core@1 to /home/david/.config/discord/0.0.28/modules/pending/discord_desktop_core-1.zip: 46%
2023-08-22T03:10:08.329Z [Modules] Streaming discord_desktop_core@1 to /home/david/.config/discord/0.0.28/modules/pending/discord_desktop_core-1.zip: 48%
2023-08-22T03:10:08.330Z [Modules] Streaming discord_desktop_core@1 to /home/david/.config/discord/0.0.28/modules/pending/discord_desktop_core-1.zip: 49%
2023-08-22T03:10:08.332Z [Modules] Streaming discord_desktop_core@1 to /home/david/.config/discord/0.0.28/modules/pending/discord_desktop_core-1.zip: 51%
2023-08-22T03:10:08.334Z [Modules] Streaming discord_desktop_core@1 to /home/david/.config/discord/0.0.28/modules/pending/discord_desktop_core-1.zip: 52%
2023-08-22T03:10:08.335Z [Modules] Streaming discord_desktop_core@1 to /home/david/.config/discord/0.0.28/modules/pending/discord_desktop_core-1.zip: 55%
2023-08-22T03:10:08.335Z [Modules] Streaming discord_desktop_core@1 to /home/david/.config/discord/0.0.28/modules/pending/discord_desktop_core-1.zip: 57%
2023-08-22T03:10:08.338Z [Modules] Streaming discord_desktop_core@1 to /home/david/.config/discord/0.0.28/modules/pending/discord_desktop_core-1.zip: 60%
2023-08-22T03:10:08.338Z [Modules] Streaming discord_desktop_core@1 to /home/david/.config/discord/0.0.28/modules/pending/discord_desktop_core-1.zip: 62%
2023-08-22T03:10:08.341Z [Modules] Streaming discord_desktop_core@1 to /home/david/.config/discord/0.0.28/modules/pending/discord_desktop_core-1.zip: 65%
2023-08-22T03:10:08.344Z [Modules] Streaming discord_desktop_core@1 to /home/david/.config/discord/0.0.28/modules/pending/discord_desktop_core-1.zip: 68%
2023-08-22T03:10:08.344Z [Modules] Streaming discord_desktop_core@1 to /home/david/.config/discord/0.0.28/modules/pending/discord_desktop_core-1.zip: 69%
2023-08-22T03:10:08.347Z [Modules] Streaming discord_desktop_core@1 to /home/david/.config/discord/0.0.28/modules/pending/discord_desktop_core-1.zip: 71%
2023-08-22T03:10:08.348Z [Modules] Streaming discord_desktop_core@1 to /home/david/.config/discord/0.0.28/modules/pending/discord_desktop_core-1.zip: 73%
2023-08-22T03:10:08.352Z [Modules] Streaming discord_desktop_core@1 to /home/david/.config/discord/0.0.28/modules/pending/discord_desktop_core-1.zip: 76%
2023-08-22T03:10:08.355Z [Modules] Streaming discord_desktop_core@1 to /home/david/.config/discord/0.0.28/modules/pending/discord_desktop_core-1.zip: 78%
2023-08-22T03:10:08.358Z [Modules] Streaming discord_desktop_core@1 to /home/david/.config/discord/0.0.28/modules/pending/discord_desktop_core-1.zip: 80%
2023-08-22T03:10:08.360Z [Modules] Streaming discord_desktop_core@1 to /home/david/.config/discord/0.0.28/modules/pending/discord_desktop_core-1.zip: 81%
2023-08-22T03:10:08.366Z [Modules] Streaming discord_desktop_core@1 to /home/david/.config/discord/0.0.28/modules/pending/discord_desktop_core-1.zip: 82%
2023-08-22T03:10:08.368Z [Modules] Streaming discord_desktop_core@1 to /home/david/.config/discord/0.0.28/modules/pending/discord_desktop_core-1.zip: 84%
2023-08-22T03:10:08.370Z [Modules] Streaming discord_desktop_core@1 to /home/david/.config/discord/0.0.28/modules/pending/discord_desktop_core-1.zip: 87%
2023-08-22T03:10:08.371Z [Modules] Streaming discord_desktop_core@1 to /home/david/.config/discord/0.0.28/modules/pending/discord_desktop_core-1.zip: 90%
2023-08-22T03:10:08.375Z [Modules] Streaming discord_desktop_core@1 to /home/david/.config/discord/0.0.28/modules/pending/discord_desktop_core-1.zip: 92%
2023-08-22T03:10:08.375Z [Modules] Streaming discord_desktop_core@1 to /home/david/.config/discord/0.0.28/modules/pending/discord_desktop_core-1.zip: 98%
2023-08-22T03:10:08.378Z [Modules] Streaming discord_desktop_core@1 to /home/david/.config/discord/0.0.28/modules/pending/discord_desktop_core-1.zip: 99%
2023-08-22T03:10:08.378Z [Modules] Streaming discord_desktop_core@1 to /home/david/.config/discord/0.0.28/modules/pending/discord_desktop_core-1.zip: 100%
2023-08-22T03:10:08.380Z [Modules] Fetching discord_erlpack@1 from https://discord.com/api/modules/stable/discord_erlpack/1
2023-08-22T03:10:08.381Z [Modules] Streaming discord_erlpack@1 to /home/david/.config/discord/0.0.28/modules/pending/discord_erlpack-1.zip
2023-08-22T03:10:08.557Z [Modules] Streaming discord_erlpack@1 to /home/david/.config/discord/0.0.28/modules/pending/discord_erlpack-1.zip: 2%
2023-08-22T03:10:08.561Z [Modules] Streaming discord_erlpack@1 to /home/david/.config/discord/0.0.28/modules/pending/discord_erlpack-1.zip: 6%
2023-08-22T03:10:08.562Z [Modules] Streaming discord_erlpack@1 to /home/david/.config/discord/0.0.28/modules/pending/discord_erlpack-1.zip: 9%
2023-08-22T03:10:08.563Z [Modules] Streaming discord_erlpack@1 to /home/david/.config/discord/0.0.28/modules/pending/discord_erlpack-1.zip: 10%
2023-08-22T03:10:08.565Z [Modules] Streaming discord_erlpack@1 to /home/david/.config/discord/0.0.28/modules/pending/discord_erlpack-1.zip: 14%
2023-08-22T03:10:08.566Z [Modules] Streaming discord_erlpack@1 to /home/david/.config/discord/0.0.28/modules/pending/discord_erlpack-1.zip: 15%
2023-08-22T03:10:08.567Z [Modules] Streaming discord_erlpack@1 to /home/david/.config/discord/0.0.28/modules/pending/discord_erlpack-1.zip: 18%
2023-08-22T03:10:08.570Z [Modules] Streaming discord_erlpack@1 to /home/david/.config/discord/0.0.28/modules/pending/discord_erlpack-1.zip: 22%
2023-08-22T03:10:08.572Z [Modules] Streaming discord_erlpack@1 to /home/david/.config/discord/0.0.28/modules/pending/discord_erlpack-1.zip: 28%
2023-08-22T03:10:08.574Z [Modules] Streaming discord_erlpack@1 to /home/david/.config/discord/0.0.28/modules/pending/discord_erlpack-1.zip: 37%
2023-08-22T03:10:08.575Z [Modules] Streaming discord_erlpack@1 to /home/david/.config/discord/0.0.28/modules/pending/discord_erlpack-1.zip: 39%
2023-08-22T03:10:08.576Z [Modules] Streaming discord_erlpack@1 to /home/david/.config/discord/0.0.28/modules/pending/discord_erlpack-1.zip: 43%
2023-08-22T03:10:08.577Z [Modules] Streaming discord_erlpack@1 to /home/david/.config/discord/0.0.28/modules/pending/discord_erlpack-1.zip: 45%
2023-08-22T03:10:08.578Z [Modules] Streaming discord_erlpack@1 to /home/david/.config/discord/0.0.28/modules/pending/discord_erlpack-1.zip: 49%
2023-08-22T03:10:08.579Z [Modules] Streaming discord_erlpack@1 to /home/david/.config/discord/0.0.28/modules/pending/discord_erlpack-1.zip: 52%
2023-08-22T03:10:08.580Z [Modules] Streaming discord_erlpack@1 to /home/david/.config/discord/0.0.28/modules/pending/discord_erlpack-1.zip: 56%
2023-08-22T03:10:08.581Z [Modules] Streaming discord_erlpack@1 to /home/david/.config/discord/0.0.28/modules/pending/discord_erlpack-1.zip: 59%
2023-08-22T03:10:08.583Z [Modules] Streaming discord_erlpack@1 to /home/david/.config/discord/0.0.28/modules/pending/discord_erlpack-1.zip: 61%
2023-08-22T03:10:08.585Z [Modules] Streaming discord_erlpack@1 to /home/david/.config/discord/0.0.28/modules/pending/discord_erlpack-1.zip: 65%
2023-08-22T03:10:08.585Z [Modules] Streaming discord_erlpack@1 to /home/david/.config/discord/0.0.28/modules/pending/discord_erlpack-1.zip: 68%
2023-08-22T03:10:08.586Z [Modules] Streaming discord_erlpack@1 to /home/david/.config/discord/0.0.28/modules/pending/discord_erlpack-1.zip: 72%
2023-08-22T03:10:08.589Z [Modules] Streaming discord_erlpack@1 to /home/david/.config/discord/0.0.28/modules/pending/discord_erlpack-1.zip: 79%
2023-08-22T03:10:08.591Z [Modules] Streaming discord_erlpack@1 to /home/david/.config/discord/0.0.28/modules/pending/discord_erlpack-1.zip: 83%
2023-08-22T03:10:08.591Z [Modules] Streaming discord_erlpack@1 to /home/david/.config/discord/0.0.28/modules/pending/discord_erlpack-1.zip: 88%
2023-08-22T03:10:08.591Z [Modules] Streaming discord_erlpack@1 to /home/david/.config/discord/0.0.28/modules/pending/discord_erlpack-1.zip: 90%
2023-08-22T03:10:08.593Z [Modules] Streaming discord_erlpack@1 to /home/david/.config/discord/0.0.28/modules/pending/discord_erlpack-1.zip: 92%
2023-08-22T03:10:08.596Z [Modules] Streaming discord_erlpack@1 to /home/david/.config/discord/0.0.28/modules/pending/discord_erlpack-1.zip: 95%
2023-08-22T03:10:08.597Z [Modules] Streaming discord_erlpack@1 to /home/david/.config/discord/0.0.28/modules/pending/discord_erlpack-1.zip: 100%
2023-08-22T03:10:08.597Z [Modules] Fetching discord_spellcheck@1 from https://discord.com/api/modules/stable/discord_spellcheck/1
2023-08-22T03:10:08.597Z [Modules] Streaming discord_spellcheck@1 to /home/david/.config/discord/0.0.28/modules/pending/discord_spellcheck-1.zip
2023-08-22T03:10:08.780Z [Modules] Streaming discord_spellcheck@1 to /home/david/.config/discord/0.0.28/modules/pending/discord_spellcheck-1.zip: 1%
2023-08-22T03:10:08.784Z [Modules] Streaming discord_spellcheck@1 to /home/david/.config/discord/0.0.28/modules/pending/discord_spellcheck-1.zip: 2%
2023-08-22T03:10:08.787Z [Modules] Streaming discord_spellcheck@1 to /home/david/.config/discord/0.0.28/modules/pending/discord_spellcheck-1.zip: 3%
2023-08-22T03:10:08.788Z [Modules] Streaming discord_spellcheck@1 to /home/david/.config/discord/0.0.28/modules/pending/discord_spellcheck-1.zip: 4%
2023-08-22T03:10:08.790Z [Modules] Streaming discord_spellcheck@1 to /home/david/.config/discord/0.0.28/modules/pending/discord_spellcheck-1.zip: 5%
2023-08-22T03:10:08.793Z [Modules] Streaming discord_spellcheck@1 to /home/david/.config/discord/0.0.28/modules/pending/discord_spellcheck-1.zip: 6%
2023-08-22T03:10:08.795Z [Modules] Streaming discord_spellcheck@1 to /home/david/.config/discord/0.0.28/modules/pending/discord_spellcheck-1.zip: 7%
2023-08-22T03:10:08.798Z [Modules] Streaming discord_spellcheck@1 to /home/david/.config/discord/0.0.28/modules/pending/discord_spellcheck-1.zip: 8%
2023-08-22T03:10:08.799Z [Modules] Streaming discord_spellcheck@1 to /home/david/.config/discord/0.0.28/modules/pending/discord_spellcheck-1.zip: 9%
2023-08-22T03:10:08.803Z [Modules] Streaming discord_spellcheck@1 to /home/david/.config/discord/0.0.28/modules/pending/discord_spellcheck-1.zip: 10%
2023-08-22T03:10:08.805Z [Modules] Streaming discord_spellcheck@1 to /home/david/.config/discord/0.0.28/modules/pending/discord_spellcheck-1.zip: 11%
2023-08-22T03:10:08.807Z [Modules] Streaming discord_spellcheck@1 to /home/david/.config/discord/0.0.28/modules/pending/discord_spellcheck-1.zip: 12%
2023-08-22T03:10:08.809Z [Modules] Streaming discord_spellcheck@1 to /home/david/.config/discord/0.0.28/modules/pending/discord_spellcheck-1.zip: 13%
2023-08-22T03:10:08.814Z [Modules] Streaming discord_spellcheck@1 to /home/david/.config/discord/0.0.28/modules/pending/discord_spellcheck-1.zip: 14%
2023-08-22T03:10:08.814Z [Modules] Streaming discord_spellcheck@1 to /home/david/.config/discord/0.0.28/modules/pending/discord_spellcheck-1.zip: 15%
2023-08-22T03:10:08.819Z [Modules] Streaming discord_spellcheck@1 to /home/david/.config/discord/0.0.28/modules/pending/discord_spellcheck-1.zip: 16%
2023-08-22T03:10:08.821Z [Modules] Streaming discord_spellcheck@1 to /home/david/.config/discord/0.0.28/modules/pending/discord_spellcheck-1.zip: 17%
2023-08-22T03:10:08.822Z [Modules] Streaming discord_spellcheck@1 to /home/david/.config/discord/0.0.28/modules/pending/discord_spellcheck-1.zip: 18%
2023-08-22T03:10:08.826Z [Modules] Streaming discord_spellcheck@1 to /home/david/.config/discord/0.0.28/modules/pending/discord_spellcheck-1.zip: 19%
2023-08-22T03:10:08.826Z [Modules] Streaming discord_spellcheck@1 to /home/david/.config/discord/0.0.28/modules/pending/discord_spellcheck-1.zip: 20%
2023-08-22T03:10:08.830Z [Modules] Streaming discord_spellcheck@1 to /home/david/.config/discord/0.0.28/modules/pending/discord_spellcheck-1.zip: 21%
2023-08-22T03:10:08.833Z [Modules] Streaming discord_spellcheck@1 to /home/david/.config/discord/0.0.28/modules/pending/discord_spellcheck-1.zip: 22%
2023-08-22T03:10:08.835Z [Modules] Streaming discord_spellcheck@1 to /home/david/.config/discord/0.0.28/modules/pending/discord_spellcheck-1.zip: 23%
2023-08-22T03:10:08.838Z [Modules] Streaming discord_spellcheck@1 to /home/david/.config/discord/0.0.28/modules/pending/discord_spellcheck-1.zip: 25%
2023-08-22T03:10:08.841Z [Modules] Streaming discord_spellcheck@1 to /home/david/.config/discord/0.0.28/modules/pending/discord_spellcheck-1.zip: 26%
2023-08-22T03:10:08.844Z [Modules] Streaming discord_spellcheck@1 to /home/david/.config/discord/0.0.28/modules/pending/discord_spellcheck-1.zip: 27%
2023-08-22T03:10:08.848Z [Modules] Streaming discord_spellcheck@1 to /home/david/.config/discord/0.0.28/modules/pending/discord_spellcheck-1.zip: 28%
2023-08-22T03:10:08.848Z [Modules] Streaming discord_spellcheck@1 to /home/david/.config/discord/0.0.28/modules/pending/discord_spellcheck-1.zip: 29%
2023-08-22T03:10:08.852Z [Modules] Streaming discord_spellcheck@1 to /home/david/.config/discord/0.0.28/modules/pending/discord_spellcheck-1.zip: 30%
2023-08-22T03:10:08.864Z [Modules] Streaming discord_spellcheck@1 to /home/david/.config/discord/0.0.28/modules/pending/discord_spellcheck-1.zip: 31%
2023-08-22T03:10:08.868Z [Modules] Streaming discord_spellcheck@1 to /home/david/.config/discord/0.0.28/modules/pending/discord_spellcheck-1.zip: 32%
2023-08-22T03:10:08.869Z [Modules] Streaming discord_spellcheck@1 to /home/david/.config/discord/0.0.28/modules/pending/discord_spellcheck-1.zip: 33%
2023-08-22T03:10:08.870Z [Modules] Streaming discord_spellcheck@1 to /home/david/.config/discord/0.0.28/modules/pending/discord_spellcheck-1.zip: 34%
2023-08-22T03:10:08.874Z [Modules] Streaming discord_spellcheck@1 to /home/david/.config/discord/0.0.28/modules/pending/discord_spellcheck-1.zip: 35%
2023-08-22T03:10:08.876Z [Modules] Streaming discord_spellcheck@1 to /home/david/.config/discord/0.0.28/modules/pending/discord_spellcheck-1.zip: 36%
2023-08-22T03:10:08.876Z [Modules] Streaming discord_spellcheck@1 to /home/david/.config/discord/0.0.28/modules/pending/discord_spellcheck-1.zip: 37%
2023-08-22T03:10:08.878Z [Modules] Streaming discord_spellcheck@1 to /home/david/.config/discord/0.0.28/modules/pending/discord_spellcheck-1.zip: 38%
2023-08-22T03:10:08.881Z [Modules] Streaming discord_spellcheck@1 to /home/david/.config/discord/0.0.28/modules/pending/discord_spellcheck-1.zip: 39%
2023-08-22T03:10:08.881Z [Modules] Streaming discord_spellcheck@1 to /home/david/.config/discord/0.0.28/modules/pending/discord_spellcheck-1.zip: 40%
2023-08-22T03:10:08.885Z [Modules] Streaming discord_spellcheck@1 to /home/david/.config/discord/0.0.28/modules/pending/discord_spellcheck-1.zip: 41%
2023-08-22T03:10:08.888Z [Modules] Streaming discord_spellcheck@1 to /home/david/.config/discord/0.0.28/modules/pending/discord_spellcheck-1.zip: 42%
2023-08-22T03:10:08.889Z [Modules] Streaming discord_spellcheck@1 to /home/david/.config/discord/0.0.28/modules/pending/discord_spellcheck-1.zip: 43%
2023-08-22T03:10:08.892Z [Modules] Streaming discord_spellcheck@1 to /home/david/.config/discord/0.0.28/modules/pending/discord_spellcheck-1.zip: 44%
2023-08-22T03:10:08.892Z [Modules] Streaming discord_spellcheck@1 to /home/david/.config/discord/0.0.28/modules/pending/discord_spellcheck-1.zip: 45%
2023-08-22T03:10:08.895Z [Modules] Streaming discord_spellcheck@1 to /home/david/.config/discord/0.0.28/modules/pending/discord_spellcheck-1.zip: 46%
2023-08-22T03:10:08.906Z [Modules] Streaming discord_spellcheck@1 to /home/david/.config/discord/0.0.28/modules/pending/discord_spellcheck-1.zip: 47%
2023-08-22T03:10:08.907Z [Modules] Streaming discord_spellcheck@1 to /home/david/.config/discord/0.0.28/modules/pending/discord_spellcheck-1.zip: 48%
2023-08-22T03:10:08.911Z [Modules] Streaming discord_spellcheck@1 to /home/david/.config/discord/0.0.28/modules/pending/discord_spellcheck-1.zip: 49%
2023-08-22T03:10:08.915Z [Modules] Streaming discord_spellcheck@1 to /home/david/.config/discord/0.0.28/modules/pending/discord_spellcheck-1.zip: 50%
2023-08-22T03:10:08.917Z [Modules] Streaming discord_spellcheck@1 to /home/david/.config/discord/0.0.28/modules/pending/discord_spellcheck-1.zip: 51%
2023-08-22T03:10:08.918Z [Modules] Streaming discord_spellcheck@1 to /home/david/.config/discord/0.0.28/modules/pending/discord_spellcheck-1.zip: 52%
2023-08-22T03:10:08.920Z [Modules] Streaming discord_spellcheck@1 to /home/david/.config/discord/0.0.28/modules/pending/discord_spellcheck-1.zip: 53%
2023-08-22T03:10:08.923Z [Modules] Streaming discord_spellcheck@1 to /home/david/.config/discord/0.0.28/modules/pending/discord_spellcheck-1.zip: 54%
2023-08-22T03:10:08.934Z [Modules] Streaming discord_spellcheck@1 to /home/david/.config/discord/0.0.28/modules/pending/discord_spellcheck-1.zip: 55%
2023-08-22T03:10:08.939Z [Modules] Streaming discord_spellcheck@1 to /home/david/.config/discord/0.0.28/modules/pending/discord_spellcheck-1.zip: 56%
2023-08-22T03:10:08.939Z [Modules] Streaming discord_spellcheck@1 to /home/david/.config/discord/0.0.28/modules/pending/discord_spellcheck-1.zip: 57%
2023-08-22T03:10:08.941Z [Modules] Streaming discord_spellcheck@1 to /home/david/.config/discord/0.0.28/modules/pending/discord_spellcheck-1.zip: 58%
2023-08-22T03:10:08.941Z [Modules] Streaming discord_spellcheck@1 to /home/david/.config/discord/0.0.28/modules/pending/discord_spellcheck-1.zip: 59%
2023-08-22T03:10:08.942Z [Modules] Streaming discord_spellcheck@1 to /home/david/.config/discord/0.0.28/modules/pending/discord_spellcheck-1.zip: 60%
2023-08-22T03:10:08.947Z [Modules] Streaming discord_spellcheck@1 to /home/david/.config/discord/0.0.28/modules/pending/discord_spellcheck-1.zip: 61%
2023-08-22T03:10:08.947Z [Modules] Streaming discord_spellcheck@1 to /home/david/.config/discord/0.0.28/modules/pending/discord_spellcheck-1.zip: 62%
2023-08-22T03:10:08.948Z [Modules] Streaming discord_spellcheck@1 to /home/david/.config/discord/0.0.28/modules/pending/discord_spellcheck-1.zip: 63%
2023-08-22T03:10:08.963Z [Modules] Streaming discord_spellcheck@1 to /home/david/.config/discord/0.0.28/modules/pending/discord_spellcheck-1.zip: 64%
2023-08-22T03:10:08.965Z [Modules] Streaming discord_spellcheck@1 to /home/david/.config/discord/0.0.28/modules/pending/discord_spellcheck-1.zip: 65%
2023-08-22T03:10:08.965Z [Modules] Streaming discord_spellcheck@1 to /home/david/.config/discord/0.0.28/modules/pending/discord_spellcheck-1.zip: 66%
2023-08-22T03:10:08.966Z [Modules] Streaming discord_spellcheck@1 to /home/david/.config/discord/0.0.28/modules/pending/discord_spellcheck-1.zip: 67%
2023-08-22T03:10:08.967Z [Modules] Streaming discord_spellcheck@1 to /home/david/.config/discord/0.0.28/modules/pending/discord_spellcheck-1.zip: 68%
2023-08-22T03:10:08.969Z [Modules] Streaming discord_spellcheck@1 to /home/david/.config/discord/0.0.28/modules/pending/discord_spellcheck-1.zip: 69%
2023-08-22T03:10:08.970Z [Modules] Streaming discord_spellcheck@1 to /home/david/.config/discord/0.0.28/modules/pending/discord_spellcheck-1.zip: 70%
2023-08-22T03:10:08.973Z [Modules] Streaming discord_spellcheck@1 to /home/david/.config/discord/0.0.28/modules/pending/discord_spellcheck-1.zip: 71%
2023-08-22T03:10:08.981Z [Modules] Streaming discord_spellcheck@1 to /home/david/.config/discord/0.0.28/modules/pending/discord_spellcheck-1.zip: 72%
2023-08-22T03:10:08.982Z [Modules] Streaming discord_spellcheck@1 to /home/david/.config/discord/0.0.28/modules/pending/discord_spellcheck-1.zip: 73%
2023-08-22T03:10:08.983Z [Modules] Streaming discord_spellcheck@1 to /home/david/.config/discord/0.0.28/modules/pending/discord_spellcheck-1.zip: 74%
2023-08-22T03:10:08.989Z [Modules] Streaming discord_spellcheck@1 to /home/david/.config/discord/0.0.28/modules/pending/discord_spellcheck-1.zip: 75%
2023-08-22T03:10:08.993Z [Modules] Streaming discord_spellcheck@1 to /home/david/.config/discord/0.0.28/modules/pending/discord_spellcheck-1.zip: 76%
2023-08-22T03:10:08.994Z [Modules] Streaming discord_spellcheck@1 to /home/david/.config/discord/0.0.28/modules/pending/discord_spellcheck-1.zip: 77%
2023-08-22T03:10:08.996Z [Modules] Streaming discord_spellcheck@1 to /home/david/.config/discord/0.0.28/modules/pending/discord_spellcheck-1.zip: 78%
2023-08-22T03:10:09.001Z [Modules] Streaming discord_spellcheck@1 to /home/david/.config/discord/0.0.28/modules/pending/discord_spellcheck-1.zip: 79%
2023-08-22T03:10:09.006Z [Modules] Streaming discord_spellcheck@1 to /home/david/.config/discord/0.0.28/modules/pending/discord_spellcheck-1.zip: 80%
2023-08-22T03:10:09.012Z [Modules] Streaming discord_spellcheck@1 to /home/david/.config/discord/0.0.28/modules/pending/discord_spellcheck-1.zip: 81%
2023-08-22T03:10:09.016Z [Modules] Streaming discord_spellcheck@1 to /home/david/.config/discord/0.0.28/modules/pending/discord_spellcheck-1.zip: 82%
2023-08-22T03:10:09.018Z [Modules] Streaming discord_spellcheck@1 to /home/david/.config/discord/0.0.28/modules/pending/discord_spellcheck-1.zip: 83%
2023-08-22T03:10:09.022Z [Modules] Streaming discord_spellcheck@1 to /home/david/.config/discord/0.0.28/modules/pending/discord_spellcheck-1.zip: 84%
2023-08-22T03:10:09.024Z [Modules] Streaming discord_spellcheck@1 to /home/david/.config/discord/0.0.28/modules/pending/discord_spellcheck-1.zip: 85%
2023-08-22T03:10:09.026Z [Modules] Streaming discord_spellcheck@1 to /home/david/.config/discord/0.0.28/modules/pending/discord_spellcheck-1.zip: 86%
2023-08-22T03:10:09.029Z [Modules] Streaming discord_spellcheck@1 to /home/david/.config/discord/0.0.28/modules/pending/discord_spellcheck-1.zip: 87%
2023-08-22T03:10:09.032Z [Modules] Streaming discord_spellcheck@1 to /home/david/.config/discord/0.0.28/modules/pending/discord_spellcheck-1.zip: 88%
2023-08-22T03:10:09.036Z [Modules] Streaming discord_spellcheck@1 to /home/david/.config/discord/0.0.28/modules/pending/discord_spellcheck-1.zip: 89%
2023-08-22T03:10:09.039Z [Modules] Streaming discord_spellcheck@1 to /home/david/.config/discord/0.0.28/modules/pending/discord_spellcheck-1.zip: 90%
2023-08-22T03:10:09.039Z [Modules] Streaming discord_spellcheck@1 to /home/david/.config/discord/0.0.28/modules/pending/discord_spellcheck-1.zip: 91%
2023-08-22T03:10:09.041Z [Modules] Streaming discord_spellcheck@1 to /home/david/.config/discord/0.0.28/modules/pending/discord_spellcheck-1.zip: 92%
2023-08-22T03:10:09.044Z [Modules] Streaming discord_spellcheck@1 to /home/david/.config/discord/0.0.28/modules/pending/discord_spellcheck-1.zip: 93%
2023-08-22T03:10:09.045Z [Modules] Streaming discord_spellcheck@1 to /home/david/.config/discord/0.0.28/modules/pending/discord_spellcheck-1.zip: 94%
2023-08-22T03:10:09.047Z [Modules] Streaming discord_spellcheck@1 to /home/david/.config/discord/0.0.28/modules/pending/discord_spellcheck-1.zip: 95%
2023-08-22T03:10:09.049Z [Modules] Streaming discord_spellcheck@1 to /home/david/.config/discord/0.0.28/modules/pending/discord_spellcheck-1.zip: 96%
2023-08-22T03:10:09.052Z [Modules] Streaming discord_spellcheck@1 to /home/david/.config/discord/0.0.28/modules/pending/discord_spellcheck-1.zip: 97%
2023-08-22T03:10:09.058Z [Modules] Streaming discord_spellcheck@1 to /home/david/.config/discord/0.0.28/modules/pending/discord_spellcheck-1.zip: 98%
2023-08-22T03:10:09.062Z [Modules] Streaming discord_spellcheck@1 to /home/david/.config/discord/0.0.28/modules/pending/discord_spellcheck-1.zip: 99%
2023-08-22T03:10:09.062Z [Modules] Streaming discord_spellcheck@1 to /home/david/.config/discord/0.0.28/modules/pending/discord_spellcheck-1.zip: 100%
2023-08-22T03:10:09.064Z [Modules] Fetching discord_utils@2 from https://discord.com/api/modules/stable/discord_utils/2
2023-08-22T03:10:09.064Z [Modules] Streaming discord_utils@2 to /home/david/.config/discord/0.0.28/modules/pending/discord_utils-2.zip
2023-08-22T03:10:09.250Z [Modules] Streaming discord_utils@2 to /home/david/.config/discord/0.0.28/modules/pending/discord_utils-2.zip: 1%
2023-08-22T03:10:09.252Z [Modules] Streaming discord_utils@2 to /home/david/.config/discord/0.0.28/modules/pending/discord_utils-2.zip: 4%
2023-08-22T03:10:09.254Z [Modules] Streaming discord_utils@2 to /home/david/.config/discord/0.0.28/modules/pending/discord_utils-2.zip: 7%
2023-08-22T03:10:09.256Z [Modules] Streaming discord_utils@2 to /home/david/.config/discord/0.0.28/modules/pending/discord_utils-2.zip: 11%
2023-08-22T03:10:09.257Z [Modules] Streaming discord_utils@2 to /home/david/.config/discord/0.0.28/modules/pending/discord_utils-2.zip: 13%
2023-08-22T03:10:09.258Z [Modules] Streaming discord_utils@2 to /home/david/.config/discord/0.0.28/modules/pending/discord_utils-2.zip: 15%
2023-08-22T03:10:09.259Z [Modules] Streaming discord_utils@2 to /home/david/.config/discord/0.0.28/modules/pending/discord_utils-2.zip: 16%
2023-08-22T03:10:09.260Z [Modules] Streaming discord_utils@2 to /home/david/.config/discord/0.0.28/modules/pending/discord_utils-2.zip: 18%
2023-08-22T03:10:09.261Z [Modules] Streaming discord_utils@2 to /home/david/.config/discord/0.0.28/modules/pending/discord_utils-2.zip: 20%
2023-08-22T03:10:09.261Z [Modules] Streaming discord_utils@2 to /home/david/.config/discord/0.0.28/modules/pending/discord_utils-2.zip: 21%
2023-08-22T03:10:09.264Z [Modules] Streaming discord_utils@2 to /home/david/.config/discord/0.0.28/modules/pending/discord_utils-2.zip: 23%
2023-08-22T03:10:09.265Z [Modules] Streaming discord_utils@2 to /home/david/.config/discord/0.0.28/modules/pending/discord_utils-2.zip: 24%
2023-08-22T03:10:09.267Z [Modules] Streaming discord_utils@2 to /home/david/.config/discord/0.0.28/modules/pending/discord_utils-2.zip: 26%
2023-08-22T03:10:09.268Z [Modules] Streaming discord_utils@2 to /home/david/.config/discord/0.0.28/modules/pending/discord_utils-2.zip: 29%
2023-08-22T03:10:09.269Z [Modules] Streaming discord_utils@2 to /home/david/.config/discord/0.0.28/modules/pending/discord_utils-2.zip: 31%
2023-08-22T03:10:09.272Z [Modules] Streaming discord_utils@2 to /home/david/.config/discord/0.0.28/modules/pending/discord_utils-2.zip: 33%
2023-08-22T03:10:09.272Z [Modules] Streaming discord_utils@2 to /home/david/.config/discord/0.0.28/modules/pending/discord_utils-2.zip: 35%
2023-08-22T03:10:09.273Z [Modules] Streaming discord_utils@2 to /home/david/.config/discord/0.0.28/modules/pending/discord_utils-2.zip: 37%
2023-08-22T03:10:09.273Z [Modules] Streaming discord_utils@2 to /home/david/.config/discord/0.0.28/modules/pending/discord_utils-2.zip: 38%
2023-08-22T03:10:09.275Z [Modules] Streaming discord_utils@2 to /home/david/.config/discord/0.0.28/modules/pending/discord_utils-2.zip: 40%
2023-08-22T03:10:09.275Z [Modules] Streaming discord_utils@2 to /home/david/.config/discord/0.0.28/modules/pending/discord_utils-2.zip: 42%
2023-08-22T03:10:09.279Z [Modules] Streaming discord_utils@2 to /home/david/.config/discord/0.0.28/modules/pending/discord_utils-2.zip: 44%
2023-08-22T03:10:09.281Z [Modules] Streaming discord_utils@2 to /home/david/.config/discord/0.0.28/modules/pending/discord_utils-2.zip: 45%
2023-08-22T03:10:09.283Z [Modules] Streaming discord_utils@2 to /home/david/.config/discord/0.0.28/modules/pending/discord_utils-2.zip: 46%
2023-08-22T03:10:09.288Z [Modules] Streaming discord_utils@2 to /home/david/.config/discord/0.0.28/modules/pending/discord_utils-2.zip: 48%
2023-08-22T03:10:09.289Z [Modules] Streaming discord_utils@2 to /home/david/.config/discord/0.0.28/modules/pending/discord_utils-2.zip: 51%
2023-08-22T03:10:09.292Z [Modules] Streaming discord_utils@2 to /home/david/.config/discord/0.0.28/modules/pending/discord_utils-2.zip: 53%
2023-08-22T03:10:09.292Z [Modules] Streaming discord_utils@2 to /home/david/.config/discord/0.0.28/modules/pending/discord_utils-2.zip: 55%
2023-08-22T03:10:09.293Z [Modules] Streaming discord_utils@2 to /home/david/.config/discord/0.0.28/modules/pending/discord_utils-2.zip: 56%
2023-08-22T03:10:09.296Z [Modules] Streaming discord_utils@2 to /home/david/.config/discord/0.0.28/modules/pending/discord_utils-2.zip: 57%
2023-08-22T03:10:09.296Z [Modules] Streaming discord_utils@2 to /home/david/.config/discord/0.0.28/modules/pending/discord_utils-2.zip: 58%
2023-08-22T03:10:09.296Z [Modules] Streaming discord_utils@2 to /home/david/.config/discord/0.0.28/modules/pending/discord_utils-2.zip: 60%
2023-08-22T03:10:09.299Z [Modules] Streaming discord_utils@2 to /home/david/.config/discord/0.0.28/modules/pending/discord_utils-2.zip: 62%
2023-08-22T03:10:09.299Z [Modules] Streaming discord_utils@2 to /home/david/.config/discord/0.0.28/modules/pending/discord_utils-2.zip: 64%
2023-08-22T03:10:09.303Z [Modules] Streaming discord_utils@2 to /home/david/.config/discord/0.0.28/modules/pending/discord_utils-2.zip: 66%
2023-08-22T03:10:09.308Z [Modules] Streaming discord_utils@2 to /home/david/.config/discord/0.0.28/modules/pending/discord_utils-2.zip: 68%
2023-08-22T03:10:09.308Z [Modules] Streaming discord_utils@2 to /home/david/.config/discord/0.0.28/modules/pending/discord_utils-2.zip: 70%
2023-08-22T03:10:09.311Z [Modules] Streaming discord_utils@2 to /home/david/.config/discord/0.0.28/modules/pending/discord_utils-2.zip: 72%
2023-08-22T03:10:09.312Z [Modules] Streaming discord_utils@2 to /home/david/.config/discord/0.0.28/modules/pending/discord_utils-2.zip: 74%
2023-08-22T03:10:09.312Z [Modules] Streaming discord_utils@2 to /home/david/.config/discord/0.0.28/modules/pending/discord_utils-2.zip: 75%
2023-08-22T03:10:09.315Z [Modules] Streaming discord_utils@2 to /home/david/.config/discord/0.0.28/modules/pending/discord_utils-2.zip: 77%
2023-08-22T03:10:09.324Z [Modules] Streaming discord_utils@2 to /home/david/.config/discord/0.0.28/modules/pending/discord_utils-2.zip: 79%
2023-08-22T03:10:09.325Z [Modules] Streaming discord_utils@2 to /home/david/.config/discord/0.0.28/modules/pending/discord_utils-2.zip: 88%
2023-08-22T03:10:09.327Z [Modules] Streaming discord_utils@2 to /home/david/.config/discord/0.0.28/modules/pending/discord_utils-2.zip: 92%
2023-08-22T03:10:09.327Z [Modules] Streaming discord_utils@2 to /home/david/.config/discord/0.0.28/modules/pending/discord_utils-2.zip: 93%
2023-08-22T03:10:09.330Z [Modules] Streaming discord_utils@2 to /home/david/.config/discord/0.0.28/modules/pending/discord_utils-2.zip: 95%
2023-08-22T03:10:09.330Z [Modules] Streaming discord_utils@2 to /home/david/.config/discord/0.0.28/modules/pending/discord_utils-2.zip: 97%
2023-08-22T03:10:09.332Z [Modules] Streaming discord_utils@2 to /home/david/.config/discord/0.0.28/modules/pending/discord_utils-2.zip: 99%
2023-08-22T03:10:09.332Z [Modules] Streaming discord_utils@2 to /home/david/.config/discord/0.0.28/modules/pending/discord_utils-2.zip: 100%
2023-08-22T03:10:09.332Z [Modules] Fetching discord_voice@3 from https://discord.com/api/modules/stable/discord_voice/3
2023-08-22T03:10:09.332Z [Modules] Streaming discord_voice@3 to /home/david/.config/discord/0.0.28/modules/pending/discord_voice-3.zip
2023-08-22T03:10:09.542Z [Modules] Streaming discord_voice@3 to /home/david/.config/discord/0.0.28/modules/pending/discord_voice-3.zip: 1%
2023-08-22T03:10:09.545Z [Modules] Streaming discord_voice@3 to /home/david/.config/discord/0.0.28/modules/pending/discord_voice-3.zip: 2%
2023-08-22T03:10:09.551Z [Modules] Streaming discord_voice@3 to /home/david/.config/discord/0.0.28/modules/pending/discord_voice-3.zip: 3%
2023-08-22T03:10:09.555Z [Modules] Streaming discord_voice@3 to /home/david/.config/discord/0.0.28/modules/pending/discord_voice-3.zip: 4%
2023-08-22T03:10:09.561Z [Modules] Streaming discord_voice@3 to /home/david/.config/discord/0.0.28/modules/pending/discord_voice-3.zip: 5%
2023-08-22T03:10:09.567Z [Modules] Streaming discord_voice@3 to /home/david/.config/discord/0.0.28/modules/pending/discord_voice-3.zip: 6%
2023-08-22T03:10:09.570Z [Modules] Streaming discord_voice@3 to /home/david/.config/discord/0.0.28/modules/pending/discord_voice-3.zip: 7%
2023-08-22T03:10:09.576Z [Modules] Streaming discord_voice@3 to /home/david/.config/discord/0.0.28/modules/pending/discord_voice-3.zip: 8%
2023-08-22T03:10:09.586Z [Modules] Streaming discord_voice@3 to /home/david/.config/discord/0.0.28/modules/pending/discord_voice-3.zip: 9%
2023-08-22T03:10:09.590Z [Modules] Streaming discord_voice@3 to /home/david/.config/discord/0.0.28/modules/pending/discord_voice-3.zip: 10%
2023-08-22T03:10:09.595Z [Modules] Streaming discord_voice@3 to /home/david/.config/discord/0.0.28/modules/pending/discord_voice-3.zip: 11%
2023-08-22T03:10:09.600Z [Modules] Streaming discord_voice@3 to /home/david/.config/discord/0.0.28/modules/pending/discord_voice-3.zip: 12%
2023-08-22T03:10:09.603Z [Modules] Streaming discord_voice@3 to /home/david/.config/discord/0.0.28/modules/pending/discord_voice-3.zip: 13%
2023-08-22T03:10:09.608Z [Modules] Streaming discord_voice@3 to /home/david/.config/discord/0.0.28/modules/pending/discord_voice-3.zip: 14%
2023-08-22T03:10:09.614Z [Modules] Streaming discord_voice@3 to /home/david/.config/discord/0.0.28/modules/pending/discord_voice-3.zip: 15%
2023-08-22T03:10:09.618Z [Modules] Streaming discord_voice@3 to /home/david/.config/discord/0.0.28/modules/pending/discord_voice-3.zip: 16%
2023-08-22T03:10:09.624Z [Modules] Streaming discord_voice@3 to /home/david/.config/discord/0.0.28/modules/pending/discord_voice-3.zip: 17%
2023-08-22T03:10:09.630Z [Modules] Streaming discord_voice@3 to /home/david/.config/discord/0.0.28/modules/pending/discord_voice-3.zip: 18%
2023-08-22T03:10:09.635Z [Modules] Streaming discord_voice@3 to /home/david/.config/discord/0.0.28/modules/pending/discord_voice-3.zip: 19%
2023-08-22T03:10:09.642Z [Modules] Streaming discord_voice@3 to /home/david/.config/discord/0.0.28/modules/pending/discord_voice-3.zip: 20%
2023-08-22T03:10:09.646Z [Modules] Streaming discord_voice@3 to /home/david/.config/discord/0.0.28/modules/pending/discord_voice-3.zip: 21%
2023-08-22T03:10:09.651Z [Modules] Streaming discord_voice@3 to /home/david/.config/discord/0.0.28/modules/pending/discord_voice-3.zip: 22%
2023-08-22T03:10:09.656Z [Modules] Streaming discord_voice@3 to /home/david/.config/discord/0.0.28/modules/pending/discord_voice-3.zip: 23%
2023-08-22T03:10:09.661Z [Modules] Streaming discord_voice@3 to /home/david/.config/discord/0.0.28/modules/pending/discord_voice-3.zip: 24%
2023-08-22T03:10:09.664Z [Modules] Streaming discord_voice@3 to /home/david/.config/discord/0.0.28/modules/pending/discord_voice-3.zip: 25%
2023-08-22T03:10:09.669Z [Modules] Streaming discord_voice@3 to /home/david/.config/discord/0.0.28/modules/pending/discord_voice-3.zip: 26%
2023-08-22T03:10:09.677Z [Modules] Streaming discord_voice@3 to /home/david/.config/discord/0.0.28/modules/pending/discord_voice-3.zip: 27%
2023-08-22T03:10:09.683Z [Modules] Streaming discord_voice@3 to /home/david/.config/discord/0.0.28/modules/pending/discord_voice-3.zip: 28%
2023-08-22T03:10:09.686Z [Modules] Streaming discord_voice@3 to /home/david/.config/discord/0.0.28/modules/pending/discord_voice-3.zip: 29%
2023-08-22T03:10:09.692Z [Modules] Streaming discord_voice@3 to /home/david/.config/discord/0.0.28/modules/pending/discord_voice-3.zip: 30%
2023-08-22T03:10:09.702Z [Modules] Streaming discord_voice@3 to /home/david/.config/discord/0.0.28/modules/pending/discord_voice-3.zip: 31%
2023-08-22T03:10:09.706Z [Modules] Streaming discord_voice@3 to /home/david/.config/discord/0.0.28/modules/pending/discord_voice-3.zip: 32%
2023-08-22T03:10:09.710Z [Modules] Streaming discord_voice@3 to /home/david/.config/discord/0.0.28/modules/pending/discord_voice-3.zip: 33%
2023-08-22T03:10:09.717Z [Modules] Streaming discord_voice@3 to /home/david/.config/discord/0.0.28/modules/pending/discord_voice-3.zip: 34%
2023-08-22T03:10:09.721Z [Modules] Streaming discord_voice@3 to /home/david/.config/discord/0.0.28/modules/pending/discord_voice-3.zip: 35%
2023-08-22T03:10:09.724Z [Modules] Streaming discord_voice@3 to /home/david/.config/discord/0.0.28/modules/pending/discord_voice-3.zip: 36%
2023-08-22T03:10:09.731Z [Modules] Streaming discord_voice@3 to /home/david/.config/discord/0.0.28/modules/pending/discord_voice-3.zip: 37%
2023-08-22T03:10:09.735Z [Modules] Streaming discord_voice@3 to /home/david/.config/discord/0.0.28/modules/pending/discord_voice-3.zip: 38%
2023-08-22T03:10:09.740Z [Modules] Streaming discord_voice@3 to /home/david/.config/discord/0.0.28/modules/pending/discord_voice-3.zip: 39%
2023-08-22T03:10:09.745Z [Modules] Streaming discord_voice@3 to /home/david/.config/discord/0.0.28/modules/pending/discord_voice-3.zip: 40%
2023-08-22T03:10:09.751Z [Modules] Streaming discord_voice@3 to /home/david/.config/discord/0.0.28/modules/pending/discord_voice-3.zip: 41%
2023-08-22T03:10:09.759Z [Modules] Streaming discord_voice@3 to /home/david/.config/discord/0.0.28/modules/pending/discord_voice-3.zip: 42%
2023-08-22T03:10:09.761Z [Modules] Streaming discord_voice@3 to /home/david/.config/discord/0.0.28/modules/pending/discord_voice-3.zip: 43%
2023-08-22T03:10:09.769Z [Modules] Streaming discord_voice@3 to /home/david/.config/discord/0.0.28/modules/pending/discord_voice-3.zip: 44%
2023-08-22T03:10:09.771Z [Modules] Streaming discord_voice@3 to /home/david/.config/discord/0.0.28/modules/pending/discord_voice-3.zip: 45%
2023-08-22T03:10:09.776Z [Modules] Streaming discord_voice@3 to /home/david/.config/discord/0.0.28/modules/pending/discord_voice-3.zip: 46%
2023-08-22T03:10:09.785Z [Modules] Streaming discord_voice@3 to /home/david/.config/discord/0.0.28/modules/pending/discord_voice-3.zip: 47%
2023-08-22T03:10:09.786Z [Modules] Streaming discord_voice@3 to /home/david/.config/discord/0.0.28/modules/pending/discord_voice-3.zip: 48%
2023-08-22T03:10:09.793Z [Modules] Streaming discord_voice@3 to /home/david/.config/discord/0.0.28/modules/pending/discord_voice-3.zip: 49%
2023-08-22T03:10:09.799Z [Modules] Streaming discord_voice@3 to /home/david/.config/discord/0.0.28/modules/pending/discord_voice-3.zip: 50%
2023-08-22T03:10:09.806Z [Modules] Streaming discord_voice@3 to /home/david/.config/discord/0.0.28/modules/pending/discord_voice-3.zip: 51%
2023-08-22T03:10:09.809Z [Modules] Streaming discord_voice@3 to /home/david/.config/discord/0.0.28/modules/pending/discord_voice-3.zip: 52%
2023-08-22T03:10:09.815Z [Modules] Streaming discord_voice@3 to /home/david/.config/discord/0.0.28/modules/pending/discord_voice-3.zip: 53%
2023-08-22T03:10:09.820Z [Modules] Streaming discord_voice@3 to /home/david/.config/discord/0.0.28/modules/pending/discord_voice-3.zip: 54%
2023-08-22T03:10:09.833Z [Modules] Streaming discord_voice@3 to /home/david/.config/discord/0.0.28/modules/pending/discord_voice-3.zip: 55%
2023-08-22T03:10:09.835Z [Modules] Streaming discord_voice@3 to /home/david/.config/discord/0.0.28/modules/pending/discord_voice-3.zip: 56%
2023-08-22T03:10:09.839Z [Modules] Streaming discord_voice@3 to /home/david/.config/discord/0.0.28/modules/pending/discord_voice-3.zip: 57%
2023-08-22T03:10:09.842Z [Modules] Streaming discord_voice@3 to /home/david/.config/discord/0.0.28/modules/pending/discord_voice-3.zip: 58%
2023-08-22T03:10:09.846Z [Modules] Streaming discord_voice@3 to /home/david/.config/discord/0.0.28/modules/pending/discord_voice-3.zip: 59%
2023-08-22T03:10:09.853Z [Modules] Streaming discord_voice@3 to /home/david/.config/discord/0.0.28/modules/pending/discord_voice-3.zip: 60%
2023-08-22T03:10:09.855Z [Modules] Streaming discord_voice@3 to /home/david/.config/discord/0.0.28/modules/pending/discord_voice-3.zip: 61%
2023-08-22T03:10:09.860Z [Modules] Streaming discord_voice@3 to /home/david/.config/discord/0.0.28/modules/pending/discord_voice-3.zip: 62%
2023-08-22T03:10:09.871Z [Modules] Streaming discord_voice@3 to /home/david/.config/discord/0.0.28/modules/pending/discord_voice-3.zip: 63%
2023-08-22T03:10:09.876Z [Modules] Streaming discord_voice@3 to /home/david/.config/discord/0.0.28/modules/pending/discord_voice-3.zip: 64%
2023-08-22T03:10:09.882Z [Modules] Streaming discord_voice@3 to /home/david/.config/discord/0.0.28/modules/pending/discord_voice-3.zip: 65%
2023-08-22T03:10:09.886Z [Modules] Streaming discord_voice@3 to /home/david/.config/discord/0.0.28/modules/pending/discord_voice-3.zip: 66%
2023-08-22T03:10:09.892Z [Modules] Streaming discord_voice@3 to /home/david/.config/discord/0.0.28/modules/pending/discord_voice-3.zip: 67%
2023-08-22T03:10:09.897Z [Modules] Streaming discord_voice@3 to /home/david/.config/discord/0.0.28/modules/pending/discord_voice-3.zip: 68%
2023-08-22T03:10:09.902Z [Modules] Streaming discord_voice@3 to /home/david/.config/discord/0.0.28/modules/pending/discord_voice-3.zip: 69%
2023-08-22T03:10:09.906Z [Modules] Streaming discord_voice@3 to /home/david/.config/discord/0.0.28/modules/pending/discord_voice-3.zip: 70%
2023-08-22T03:10:09.918Z [Modules] Streaming discord_voice@3 to /home/david/.config/discord/0.0.28/modules/pending/discord_voice-3.zip: 71%
2023-08-22T03:10:09.921Z [Modules] Streaming discord_voice@3 to /home/david/.config/discord/0.0.28/modules/pending/discord_voice-3.zip: 72%
2023-08-22T03:10:09.924Z [Modules] Streaming discord_voice@3 to /home/david/.config/discord/0.0.28/modules/pending/discord_voice-3.zip: 73%
2023-08-22T03:10:09.927Z [Modules] Streaming discord_voice@3 to /home/david/.config/discord/0.0.28/modules/pending/discord_voice-3.zip: 74%
2023-08-22T03:10:09.935Z [Modules] Streaming discord_voice@3 to /home/david/.config/discord/0.0.28/modules/pending/discord_voice-3.zip: 75%
2023-08-22T03:10:09.938Z [Modules] Streaming discord_voice@3 to /home/david/.config/discord/0.0.28/modules/pending/discord_voice-3.zip: 76%
2023-08-22T03:10:09.943Z [Modules] Streaming discord_voice@3 to /home/david/.config/discord/0.0.28/modules/pending/discord_voice-3.zip: 77%
2023-08-22T03:10:09.951Z [Modules] Streaming discord_voice@3 to /home/david/.config/discord/0.0.28/modules/pending/discord_voice-3.zip: 78%
2023-08-22T03:10:09.957Z [Modules] Streaming discord_voice@3 to /home/david/.config/discord/0.0.28/modules/pending/discord_voice-3.zip: 79%
2023-08-22T03:10:09.960Z [Modules] Streaming discord_voice@3 to /home/david/.config/discord/0.0.28/modules/pending/discord_voice-3.zip: 80%
2023-08-22T03:10:09.970Z [Modules] Streaming discord_voice@3 to /home/david/.config/discord/0.0.28/modules/pending/discord_voice-3.zip: 81%
2023-08-22T03:10:09.973Z [Modules] Streaming discord_voice@3 to /home/david/.config/discord/0.0.28/modules/pending/discord_voice-3.zip: 82%
2023-08-22T03:10:09.977Z [Modules] Streaming discord_voice@3 to /home/david/.config/discord/0.0.28/modules/pending/discord_voice-3.zip: 83%
2023-08-22T03:10:09.989Z [Modules] Streaming discord_voice@3 to /home/david/.config/discord/0.0.28/modules/pending/discord_voice-3.zip: 84%
2023-08-22T03:10:09.990Z [Modules] Streaming discord_voice@3 to /home/david/.config/discord/0.0.28/modules/pending/discord_voice-3.zip: 85%
2023-08-22T03:10:09.994Z [Modules] Streaming discord_voice@3 to /home/david/.config/discord/0.0.28/modules/pending/discord_voice-3.zip: 86%
2023-08-22T03:10:09.997Z [Modules] Streaming discord_voice@3 to /home/david/.config/discord/0.0.28/modules/pending/discord_voice-3.zip: 87%
2023-08-22T03:10:10.005Z [Modules] Streaming discord_voice@3 to /home/david/.config/discord/0.0.28/modules/pending/discord_voice-3.zip: 88%
2023-08-22T03:10:10.013Z [Modules] Streaming discord_voice@3 to /home/david/.config/discord/0.0.28/modules/pending/discord_voice-3.zip: 89%
2023-08-22T03:10:10.016Z [Modules] Streaming discord_voice@3 to /home/david/.config/discord/0.0.28/modules/pending/discord_voice-3.zip: 90%
2023-08-22T03:10:10.019Z [Modules] Streaming discord_voice@3 to /home/david/.config/discord/0.0.28/modules/pending/discord_voice-3.zip: 91%
2023-08-22T03:10:10.027Z [Modules] Streaming discord_voice@3 to /home/david/.config/discord/0.0.28/modules/pending/discord_voice-3.zip: 92%
2023-08-22T03:10:10.035Z [Modules] Streaming discord_voice@3 to /home/david/.config/discord/0.0.28/modules/pending/discord_voice-3.zip: 93%
2023-08-22T03:10:10.038Z [Modules] Streaming discord_voice@3 to /home/david/.config/discord/0.0.28/modules/pending/discord_voice-3.zip: 94%
2023-08-22T03:10:10.042Z [Modules] Streaming discord_voice@3 to /home/david/.config/discord/0.0.28/modules/pending/discord_voice-3.zip: 95%
2023-08-22T03:10:10.049Z [Modules] Streaming discord_voice@3 to /home/david/.config/discord/0.0.28/modules/pending/discord_voice-3.zip: 96%
2023-08-22T03:10:10.052Z [Modules] Streaming discord_voice@3 to /home/david/.config/discord/0.0.28/modules/pending/discord_voice-3.zip: 97%
2023-08-22T03:10:10.058Z [Modules] Streaming discord_voice@3 to /home/david/.config/discord/0.0.28/modules/pending/discord_voice-3.zip: 98%
2023-08-22T03:10:10.062Z [Modules] Streaming discord_voice@3 to /home/david/.config/discord/0.0.28/modules/pending/discord_voice-3.zip: 99%
2023-08-22T03:10:10.066Z [Modules] Streaming discord_voice@3 to /home/david/.config/discord/0.0.28/modules/pending/discord_voice-3.zip: 100%
2023-08-22T03:10:10.068Z [Modules] Finished module downloads. [success: 5] [failure: 0]
2023-08-22T03:10:10.068Z [Modules] Installing updates...
2023-08-22T03:10:10.068Z [Modules] Installing discord_desktop_core@1 from /home/david/.config/discord/0.0.28/modules/pending/discord_desktop_core-1.zip
2023-08-22T03:10:10.118Z [Modules] Installing discord_erlpack@1 from /home/david/.config/discord/0.0.28/modules/pending/discord_erlpack-1.zip
2023-08-22T03:10:10.148Z [Modules] Installing discord_spellcheck@1 from /home/david/.config/discord/0.0.28/modules/pending/discord_spellcheck-1.zip
2023-08-22T03:10:10.397Z [Modules] Installing discord_utils@2 from /home/david/.config/discord/0.0.28/modules/pending/discord_utils-2.zip
2023-08-22T03:10:10.532Z [Modules] Installing discord_voice@3 from /home/david/.config/discord/0.0.28/modules/pending/discord_voice-3.zip
2023-08-22T03:10:10.844Z [Modules] Finished module installations. [success: 5] [failure: 0]
2023-08-22T03:10:10.844Z [Modules] Checking for host updates.
2023-08-22T03:10:11.006Z [Modules] Host is up to date.
2023-08-22T03:10:11.006Z [Modules] Checking for module updates at https://discord.com/api/modules/stable/versions.json
2023-08-22T03:10:11.012Z [Modules] No module updates available.
2023-08-22T03:10:12.457Z [Modules] Starting to install discord_krisp...
2023-08-22T03:10:12.457Z [Modules] Fetching discord_krisp@1 from https://discord.com/api/modules/stable/discord_krisp/1
2023-08-22T03:10:12.457Z [Modules] Streaming discord_krisp@1 to /home/david/.config/discord/0.0.28/modules/pending/discord_krisp-1.zip
2023-08-22T03:10:12.466Z [Modules] Starting to install discord_game_utils...
2023-08-22T03:10:12.674Z [Modules] Streaming discord_krisp@1 to /home/david/.config/discord/0.0.28/modules/pending/discord_krisp-1.zip: 1%
2023-08-22T03:10:12.678Z [Modules] Streaming discord_krisp@1 to /home/david/.config/discord/0.0.28/modules/pending/discord_krisp-1.zip: 2%
2023-08-22T03:10:12.680Z [Modules] Streaming discord_krisp@1 to /home/david/.config/discord/0.0.28/modules/pending/discord_krisp-1.zip: 3%
2023-08-22T03:10:12.682Z [Modules] Streaming discord_krisp@1 to /home/david/.config/discord/0.0.28/modules/pending/discord_krisp-1.zip: 4%
2023-08-22T03:10:12.684Z [Modules] Streaming discord_krisp@1 to /home/david/.config/discord/0.0.28/modules/pending/discord_krisp-1.zip: 5%
2023-08-22T03:10:12.685Z [Modules] Streaming discord_krisp@1 to /home/david/.config/discord/0.0.28/modules/pending/discord_krisp-1.zip: 6%
2023-08-22T03:10:12.685Z [Modules] Streaming discord_krisp@1 to /home/david/.config/discord/0.0.28/modules/pending/discord_krisp-1.zip: 7%
2023-08-22T03:10:12.697Z [Modules] Streaming discord_krisp@1 to /home/david/.config/discord/0.0.28/modules/pending/discord_krisp-1.zip: 8%
2023-08-22T03:10:12.704Z [Modules] Streaming discord_krisp@1 to /home/david/.config/discord/0.0.28/modules/pending/discord_krisp-1.zip: 9%
2023-08-22T03:10:12.708Z [Modules] Streaming discord_krisp@1 to /home/david/.config/discord/0.0.28/modules/pending/discord_krisp-1.zip: 10%
2023-08-22T03:10:12.714Z [Modules] Streaming discord_krisp@1 to /home/david/.config/discord/0.0.28/modules/pending/discord_krisp-1.zip: 11%
2023-08-22T03:10:12.720Z [Modules] Streaming discord_krisp@1 to /home/david/.config/discord/0.0.28/modules/pending/discord_krisp-1.zip: 12%
2023-08-22T03:10:12.724Z [Modules] Streaming discord_krisp@1 to /home/david/.config/discord/0.0.28/modules/pending/discord_krisp-1.zip: 13%
2023-08-22T03:10:12.729Z [Modules] Streaming discord_krisp@1 to /home/david/.config/discord/0.0.28/modules/pending/discord_krisp-1.zip: 14%
2023-08-22T03:10:12.741Z [Modules] Streaming discord_krisp@1 to /home/david/.config/discord/0.0.28/modules/pending/discord_krisp-1.zip: 15%
2023-08-22T03:10:12.741Z [Modules] Streaming discord_krisp@1 to /home/david/.config/discord/0.0.28/modules/pending/discord_krisp-1.zip: 16%
2023-08-22T03:10:12.749Z [Modules] Streaming discord_krisp@1 to /home/david/.config/discord/0.0.28/modules/pending/discord_krisp-1.zip: 17%
2023-08-22T03:10:12.755Z [Modules] Streaming discord_krisp@1 to /home/david/.config/discord/0.0.28/modules/pending/discord_krisp-1.zip: 18%
2023-08-22T03:10:12.765Z [Modules] Streaming discord_krisp@1 to /home/david/.config/discord/0.0.28/modules/pending/discord_krisp-1.zip: 19%
2023-08-22T03:10:12.770Z [Modules] Streaming discord_krisp@1 to /home/david/.config/discord/0.0.28/modules/pending/discord_krisp-1.zip: 20%
2023-08-22T03:10:12.773Z [Modules] Streaming discord_krisp@1 to /home/david/.config/discord/0.0.28/modules/pending/discord_krisp-1.zip: 21%
2023-08-22T03:10:12.779Z [Modules] Streaming discord_krisp@1 to /home/david/.config/discord/0.0.28/modules/pending/discord_krisp-1.zip: 22%
2023-08-22T03:10:12.786Z [Modules] Streaming discord_krisp@1 to /home/david/.config/discord/0.0.28/modules/pending/discord_krisp-1.zip: 23%
2023-08-22T03:10:12.792Z [Modules] Streaming discord_krisp@1 to /home/david/.config/discord/0.0.28/modules/pending/discord_krisp-1.zip: 24%
2023-08-22T03:10:12.799Z [Modules] Streaming discord_krisp@1 to /home/david/.config/discord/0.0.28/modules/pending/discord_krisp-1.zip: 25%
2023-08-22T03:10:12.802Z [Modules] Streaming discord_krisp@1 to /home/david/.config/discord/0.0.28/modules/pending/discord_krisp-1.zip: 26%
2023-08-22T03:10:12.808Z [Modules] Streaming discord_krisp@1 to /home/david/.config/discord/0.0.28/modules/pending/discord_krisp-1.zip: 27%
2023-08-22T03:10:12.814Z [Modules] Streaming discord_krisp@1 to /home/david/.config/discord/0.0.28/modules/pending/discord_krisp-1.zip: 28%
2023-08-22T03:10:12.823Z [Modules] Streaming discord_krisp@1 to /home/david/.config/discord/0.0.28/modules/pending/discord_krisp-1.zip: 29%
2023-08-22T03:10:12.831Z [Modules] Streaming discord_krisp@1 to /home/david/.config/discord/0.0.28/modules/pending/discord_krisp-1.zip: 30%
2023-08-22T03:10:12.836Z [Modules] Streaming discord_krisp@1 to /home/david/.config/discord/0.0.28/modules/pending/discord_krisp-1.zip: 31%
2023-08-22T03:10:12.844Z [Modules] Streaming discord_krisp@1 to /home/david/.config/discord/0.0.28/modules/pending/discord_krisp-1.zip: 32%
2023-08-22T03:10:12.851Z [Modules] Streaming discord_krisp@1 to /home/david/.config/discord/0.0.28/modules/pending/discord_krisp-1.zip: 33%
2023-08-22T03:10:12.856Z [Modules] Streaming discord_krisp@1 to /home/david/.config/discord/0.0.28/modules/pending/discord_krisp-1.zip: 34%
2023-08-22T03:10:12.867Z [Modules] Streaming discord_krisp@1 to /home/david/.config/discord/0.0.28/modules/pending/discord_krisp-1.zip: 35%
2023-08-22T03:10:12.869Z [Modules] Streaming discord_krisp@1 to /home/david/.config/discord/0.0.28/modules/pending/discord_krisp-1.zip: 36%
2023-08-22T03:10:12.875Z [Modules] Streaming discord_krisp@1 to /home/david/.config/discord/0.0.28/modules/pending/discord_krisp-1.zip: 37%
2023-08-22T03:10:12.882Z [Modules] Streaming discord_krisp@1 to /home/david/.config/discord/0.0.28/modules/pending/discord_krisp-1.zip: 38%
2023-08-22T03:10:12.889Z [Modules] Streaming discord_krisp@1 to /home/david/.config/discord/0.0.28/modules/pending/discord_krisp-1.zip: 39%
2023-08-22T03:10:12.893Z [Modules] Streaming discord_krisp@1 to /home/david/.config/discord/0.0.28/modules/pending/discord_krisp-1.zip: 40%
2023-08-22T03:10:12.898Z [Modules] Streaming discord_krisp@1 to /home/david/.config/discord/0.0.28/modules/pending/discord_krisp-1.zip: 41%
2023-08-22T03:10:12.904Z [Modules] Streaming discord_krisp@1 to /home/david/.config/discord/0.0.28/modules/pending/discord_krisp-1.zip: 42%
2023-08-22T03:10:12.909Z [Modules] Streaming discord_krisp@1 to /home/david/.config/discord/0.0.28/modules/pending/discord_krisp-1.zip: 43%
2023-08-22T03:10:12.916Z [Modules] Streaming discord_krisp@1 to /home/david/.config/discord/0.0.28/modules/pending/discord_krisp-1.zip: 44%
2023-08-22T03:10:12.923Z [Modules] Streaming discord_krisp@1 to /home/david/.config/discord/0.0.28/modules/pending/discord_krisp-1.zip: 45%
2023-08-22T03:10:12.923Z [Modules] Checking for host updates.
2023-08-22T03:10:12.927Z [Modules] Streaming discord_krisp@1 to /home/david/.config/discord/0.0.28/modules/pending/discord_krisp-1.zip: 46%
2023-08-22T03:10:12.934Z [Modules] Streaming discord_krisp@1 to /home/david/.config/discord/0.0.28/modules/pending/discord_krisp-1.zip: 47%
2023-08-22T03:10:12.939Z [Modules] Streaming discord_krisp@1 to /home/david/.config/discord/0.0.28/modules/pending/discord_krisp-1.zip: 48%
2023-08-22T03:10:12.946Z [Modules] Streaming discord_krisp@1 to /home/david/.config/discord/0.0.28/modules/pending/discord_krisp-1.zip: 49%
2023-08-22T03:10:12.948Z [Modules] Streaming discord_krisp@1 to /home/david/.config/discord/0.0.28/modules/pending/discord_krisp-1.zip: 50%
2023-08-22T03:10:12.955Z [Modules] Streaming discord_krisp@1 to /home/david/.config/discord/0.0.28/modules/pending/discord_krisp-1.zip: 51%
2023-08-22T03:10:12.962Z [Modules] Streaming discord_krisp@1 to /home/david/.config/discord/0.0.28/modules/pending/discord_krisp-1.zip: 52%
2023-08-22T03:10:12.970Z [Modules] Streaming discord_krisp@1 to /home/david/.config/discord/0.0.28/modules/pending/discord_krisp-1.zip: 53%
2023-08-22T03:10:12.978Z [Modules] Streaming discord_krisp@1 to /home/david/.config/discord/0.0.28/modules/pending/discord_krisp-1.zip: 54%
2023-08-22T03:10:12.981Z [Modules] Streaming discord_krisp@1 to /home/david/.config/discord/0.0.28/modules/pending/discord_krisp-1.zip: 55%
2023-08-22T03:10:12.986Z [Modules] Streaming discord_krisp@1 to /home/david/.config/discord/0.0.28/modules/pending/discord_krisp-1.zip: 56%
2023-08-22T03:10:12.993Z [Modules] Streaming discord_krisp@1 to /home/david/.config/discord/0.0.28/modules/pending/discord_krisp-1.zip: 57%
2023-08-22T03:10:13.001Z [Modules] Streaming discord_krisp@1 to /home/david/.config/discord/0.0.28/modules/pending/discord_krisp-1.zip: 58%
2023-08-22T03:10:13.004Z [Modules] Streaming discord_krisp@1 to /home/david/.config/discord/0.0.28/modules/pending/discord_krisp-1.zip: 59%
2023-08-22T03:10:13.008Z [Modules] Streaming discord_krisp@1 to /home/david/.config/discord/0.0.28/modules/pending/discord_krisp-1.zip: 60%
2023-08-22T03:10:13.013Z [Modules] Streaming discord_krisp@1 to /home/david/.config/discord/0.0.28/modules/pending/discord_krisp-1.zip: 61%
2023-08-22T03:10:13.023Z [Modules] Streaming discord_krisp@1 to /home/david/.config/discord/0.0.28/modules/pending/discord_krisp-1.zip: 62%
2023-08-22T03:10:13.029Z [Modules] Streaming discord_krisp@1 to /home/david/.config/discord/0.0.28/modules/pending/discord_krisp-1.zip: 63%
2023-08-22T03:10:13.035Z [Modules] Streaming discord_krisp@1 to /home/david/.config/discord/0.0.28/modules/pending/discord_krisp-1.zip: 64%
2023-08-22T03:10:13.043Z [Modules] Streaming discord_krisp@1 to /home/david/.config/discord/0.0.28/modules/pending/discord_krisp-1.zip: 65%
2023-08-22T03:10:13.046Z [Modules] Streaming discord_krisp@1 to /home/david/.config/discord/0.0.28/modules/pending/discord_krisp-1.zip: 66%
2023-08-22T03:10:13.053Z [Modules] Streaming discord_krisp@1 to /home/david/.config/discord/0.0.28/modules/pending/discord_krisp-1.zip: 67%
2023-08-22T03:10:13.060Z [Modules] Streaming discord_krisp@1 to /home/david/.config/discord/0.0.28/modules/pending/discord_krisp-1.zip: 68%
2023-08-22T03:10:13.065Z [Modules] Streaming discord_krisp@1 to /home/david/.config/discord/0.0.28/modules/pending/discord_krisp-1.zip: 69%
2023-08-22T03:10:13.071Z [Modules] Streaming discord_krisp@1 to /home/david/.config/discord/0.0.28/modules/pending/discord_krisp-1.zip: 70%
2023-08-22T03:10:13.077Z [Modules] Host is up to date.
2023-08-22T03:10:13.077Z [Modules] Checking for module updates at https://discord.com/api/modules/stable/versions.json
2023-08-22T03:10:13.079Z [Modules] No module updates available.
2023-08-22T03:10:13.080Z [Modules] Streaming discord_krisp@1 to /home/david/.config/discord/0.0.28/modules/pending/discord_krisp-1.zip: 71%
2023-08-22T03:10:13.085Z [Modules] Streaming discord_krisp@1 to /home/david/.config/discord/0.0.28/modules/pending/discord_krisp-1.zip: 72%
2023-08-22T03:10:13.092Z [Modules] Streaming discord_krisp@1 to /home/david/.config/discord/0.0.28/modules/pending/discord_krisp-1.zip: 73%
2023-08-22T03:10:13.095Z [Modules] Streaming discord_krisp@1 to /home/david/.config/discord/0.0.28/modules/pending/discord_krisp-1.zip: 74%
2023-08-22T03:10:13.104Z [Modules] Streaming discord_krisp@1 to /home/david/.config/discord/0.0.28/modules/pending/discord_krisp-1.zip: 75%
2023-08-22T03:10:13.107Z [Modules] Streaming discord_krisp@1 to /home/david/.config/discord/0.0.28/modules/pending/discord_krisp-1.zip: 76%
2023-08-22T03:10:13.118Z [Modules] Streaming discord_krisp@1 to /home/david/.config/discord/0.0.28/modules/pending/discord_krisp-1.zip: 77%
2023-08-22T03:10:13.119Z [Modules] Streaming discord_krisp@1 to /home/david/.config/discord/0.0.28/modules/pending/discord_krisp-1.zip: 78%
2023-08-22T03:10:13.131Z [Modules] Streaming discord_krisp@1 to /home/david/.config/discord/0.0.28/modules/pending/discord_krisp-1.zip: 79%
2023-08-22T03:10:13.138Z [Modules] Streaming discord_krisp@1 to /home/david/.config/discord/0.0.28/modules/pending/discord_krisp-1.zip: 80%
2023-08-22T03:10:13.143Z [Modules] Starting to install discord_rpc...
2023-08-22T03:10:13.143Z [Modules] Streaming discord_krisp@1 to /home/david/.config/discord/0.0.28/modules/pending/discord_krisp-1.zip: 81%
2023-08-22T03:10:13.152Z [Modules] Streaming discord_krisp@1 to /home/david/.config/discord/0.0.28/modules/pending/discord_krisp-1.zip: 82%
2023-08-22T03:10:13.158Z [Modules] Streaming discord_krisp@1 to /home/david/.config/discord/0.0.28/modules/pending/discord_krisp-1.zip: 83%
2023-08-22T03:10:13.167Z [Modules] Streaming discord_krisp@1 to /home/david/.config/discord/0.0.28/modules/pending/discord_krisp-1.zip: 84%
2023-08-22T03:10:13.170Z [Modules] Streaming discord_krisp@1 to /home/david/.config/discord/0.0.28/modules/pending/discord_krisp-1.zip: 85%
2023-08-22T03:10:13.174Z [Modules] Streaming discord_krisp@1 to /home/david/.config/discord/0.0.28/modules/pending/discord_krisp-1.zip: 86%
2023-08-22T03:10:13.179Z [Modules] Streaming discord_krisp@1 to /home/david/.config/discord/0.0.28/modules/pending/discord_krisp-1.zip: 87%
2023-08-22T03:10:13.184Z [Modules] Streaming discord_krisp@1 to /home/david/.config/discord/0.0.28/modules/pending/discord_krisp-1.zip: 88%
2023-08-22T03:10:13.192Z [Modules] Streaming discord_krisp@1 to /home/david/.config/discord/0.0.28/modules/pending/discord_krisp-1.zip: 89%
2023-08-22T03:10:13.199Z [Modules] Streaming discord_krisp@1 to /home/david/.config/discord/0.0.28/modules/pending/discord_krisp-1.zip: 90%
2023-08-22T03:10:13.205Z [Modules] Streaming discord_krisp@1 to /home/david/.config/discord/0.0.28/modules/pending/discord_krisp-1.zip: 91%
2023-08-22T03:10:13.208Z [Modules] Streaming discord_krisp@1 to /home/david/.config/discord/0.0.28/modules/pending/discord_krisp-1.zip: 92%
2023-08-22T03:10:13.214Z [Modules] Streaming discord_krisp@1 to /home/david/.config/discord/0.0.28/modules/pending/discord_krisp-1.zip: 93%
2023-08-22T03:10:13.221Z [Modules] Streaming discord_krisp@1 to /home/david/.config/discord/0.0.28/modules/pending/discord_krisp-1.zip: 94%
2023-08-22T03:10:13.227Z [Modules] Streaming discord_krisp@1 to /home/david/.config/discord/0.0.28/modules/pending/discord_krisp-1.zip: 95%
2023-08-22T03:10:13.233Z [Modules] Streaming discord_krisp@1 to /home/david/.config/discord/0.0.28/modules/pending/discord_krisp-1.zip: 96%
2023-08-22T03:10:13.241Z [Modules] Streaming discord_krisp@1 to /home/david/.config/discord/0.0.28/modules/pending/discord_krisp-1.zip: 97%
2023-08-22T03:10:13.248Z [Modules] Streaming discord_krisp@1 to /home/david/.config/discord/0.0.28/modules/pending/discord_krisp-1.zip: 98%
2023-08-22T03:10:13.252Z [Modules] Streaming discord_krisp@1 to /home/david/.config/discord/0.0.28/modules/pending/discord_krisp-1.zip: 99%
2023-08-22T03:10:13.259Z [Modules] Streaming discord_krisp@1 to /home/david/.config/discord/0.0.28/modules/pending/discord_krisp-1.zip: 100%
2023-08-22T03:10:13.260Z [Modules] Fetching discord_game_utils@2 from https://discord.com/api/modules/stable/discord_game_utils/2
2023-08-22T03:10:13.260Z [Modules] Streaming discord_game_utils@2 to /home/david/.config/discord/0.0.28/modules/pending/discord_game_utils-2.zip
2023-08-22T03:10:13.260Z [Modules] Installing discord_krisp@1 from /home/david/.config/discord/0.0.28/modules/pending/discord_krisp-1.zip
2023-08-22T03:10:13.457Z [Modules] Streaming discord_game_utils@2 to /home/david/.config/discord/0.0.28/modules/pending/discord_game_utils-2.zip: 3%
2023-08-22T03:10:13.459Z [Modules] Streaming discord_game_utils@2 to /home/david/.config/discord/0.0.28/modules/pending/discord_game_utils-2.zip: 6%
2023-08-22T03:10:13.459Z [Modules] Streaming discord_game_utils@2 to /home/david/.config/discord/0.0.28/modules/pending/discord_game_utils-2.zip: 8%
2023-08-22T03:10:13.462Z [Modules] Streaming discord_game_utils@2 to /home/david/.config/discord/0.0.28/modules/pending/discord_game_utils-2.zip: 11%
2023-08-22T03:10:13.466Z [Modules] Streaming discord_game_utils@2 to /home/david/.config/discord/0.0.28/modules/pending/discord_game_utils-2.zip: 13%
2023-08-22T03:10:13.466Z [Modules] Streaming discord_game_utils@2 to /home/david/.config/discord/0.0.28/modules/pending/discord_game_utils-2.zip: 15%
2023-08-22T03:10:13.467Z [Modules] Streaming discord_game_utils@2 to /home/david/.config/discord/0.0.28/modules/pending/discord_game_utils-2.zip: 18%
2023-08-22T03:10:13.467Z [Modules] Streaming discord_game_utils@2 to /home/david/.config/discord/0.0.28/modules/pending/discord_game_utils-2.zip: 20%
2023-08-22T03:10:13.469Z [Modules] Streaming discord_game_utils@2 to /home/david/.config/discord/0.0.28/modules/pending/discord_game_utils-2.zip: 23%
2023-08-22T03:10:13.469Z [Modules] Streaming discord_game_utils@2 to /home/david/.config/discord/0.0.28/modules/pending/discord_game_utils-2.zip: 26%
2023-08-22T03:10:13.471Z [Modules] Streaming discord_game_utils@2 to /home/david/.config/discord/0.0.28/modules/pending/discord_game_utils-2.zip: 28%
2023-08-22T03:10:13.471Z [Modules] Streaming discord_game_utils@2 to /home/david/.config/discord/0.0.28/modules/pending/discord_game_utils-2.zip: 30%
2023-08-22T03:10:13.473Z [Modules] Streaming discord_game_utils@2 to /home/david/.config/discord/0.0.28/modules/pending/discord_game_utils-2.zip: 33%
2023-08-22T03:10:13.474Z [Modules] Streaming discord_game_utils@2 to /home/david/.config/discord/0.0.28/modules/pending/discord_game_utils-2.zip: 35%
2023-08-22T03:10:13.476Z [Modules] Streaming discord_game_utils@2 to /home/david/.config/discord/0.0.28/modules/pending/discord_game_utils-2.zip: 38%
2023-08-22T03:10:13.477Z [Modules] Streaming discord_game_utils@2 to /home/david/.config/discord/0.0.28/modules/pending/discord_game_utils-2.zip: 40%
2023-08-22T03:10:13.479Z [Modules] Streaming discord_game_utils@2 to /home/david/.config/discord/0.0.28/modules/pending/discord_game_utils-2.zip: 42%
2023-08-22T03:10:13.479Z [Modules] Streaming discord_game_utils@2 to /home/david/.config/discord/0.0.28/modules/pending/discord_game_utils-2.zip: 44%
2023-08-22T03:10:13.481Z [Modules] Streaming discord_game_utils@2 to /home/david/.config/discord/0.0.28/modules/pending/discord_game_utils-2.zip: 46%
2023-08-22T03:10:13.484Z [Modules] Streaming discord_game_utils@2 to /home/david/.config/discord/0.0.28/modules/pending/discord_game_utils-2.zip: 48%
2023-08-22T03:10:13.484Z [Modules] Streaming discord_game_utils@2 to /home/david/.config/discord/0.0.28/modules/pending/discord_game_utils-2.zip: 50%
2023-08-22T03:10:13.486Z [Modules] Streaming discord_game_utils@2 to /home/david/.config/discord/0.0.28/modules/pending/discord_game_utils-2.zip: 52%
2023-08-22T03:10:13.489Z [Modules] Streaming discord_game_utils@2 to /home/david/.config/discord/0.0.28/modules/pending/discord_game_utils-2.zip: 54%
2023-08-22T03:10:13.489Z [Modules] Streaming discord_game_utils@2 to /home/david/.config/discord/0.0.28/modules/pending/discord_game_utils-2.zip: 57%
2023-08-22T03:10:13.490Z [Modules] Streaming discord_game_utils@2 to /home/david/.config/discord/0.0.28/modules/pending/discord_game_utils-2.zip: 59%
2023-08-22T03:10:13.493Z [Modules] Streaming discord_game_utils@2 to /home/david/.config/discord/0.0.28/modules/pending/discord_game_utils-2.zip: 61%
2023-08-22T03:10:13.493Z [Modules] Streaming discord_game_utils@2 to /home/david/.config/discord/0.0.28/modules/pending/discord_game_utils-2.zip: 65%
2023-08-22T03:10:13.498Z [Modules] Streaming discord_game_utils@2 to /home/david/.config/discord/0.0.28/modules/pending/discord_game_utils-2.zip: 67%
2023-08-22T03:10:13.499Z [Modules] Streaming discord_game_utils@2 to /home/david/.config/discord/0.0.28/modules/pending/discord_game_utils-2.zip: 69%
2023-08-22T03:10:13.501Z [Modules] Streaming discord_game_utils@2 to /home/david/.config/discord/0.0.28/modules/pending/discord_game_utils-2.zip: 71%
2023-08-22T03:10:13.501Z [Modules] Streaming discord_game_utils@2 to /home/david/.config/discord/0.0.28/modules/pending/discord_game_utils-2.zip: 73%
2023-08-22T03:10:13.503Z [Modules] Streaming discord_game_utils@2 to /home/david/.config/discord/0.0.28/modules/pending/discord_game_utils-2.zip: 75%
2023-08-22T03:10:13.512Z [Modules] Streaming discord_game_utils@2 to /home/david/.config/discord/0.0.28/modules/pending/discord_game_utils-2.zip: 84%
2023-08-22T03:10:13.513Z [Modules] Streaming discord_game_utils@2 to /home/david/.config/discord/0.0.28/modules/pending/discord_game_utils-2.zip: 85%
2023-08-22T03:10:13.515Z [Modules] Streaming discord_game_utils@2 to /home/david/.config/discord/0.0.28/modules/pending/discord_game_utils-2.zip: 88%
2023-08-22T03:10:13.515Z [Modules] Streaming discord_game_utils@2 to /home/david/.config/discord/0.0.28/modules/pending/discord_game_utils-2.zip: 92%
2023-08-22T03:10:13.518Z [Modules] Streaming discord_game_utils@2 to /home/david/.config/discord/0.0.28/modules/pending/discord_game_utils-2.zip: 93%
2023-08-22T03:10:13.521Z [Modules] Streaming discord_game_utils@2 to /home/david/.config/discord/0.0.28/modules/pending/discord_game_utils-2.zip: 96%
2023-08-22T03:10:13.521Z [Modules] Streaming discord_game_utils@2 to /home/david/.config/discord/0.0.28/modules/pending/discord_game_utils-2.zip: 100%
2023-08-22T03:10:13.522Z [Modules] Fetching discord_rpc@1 from https://discord.com/api/modules/stable/discord_rpc/1
2023-08-22T03:10:13.522Z [Modules] Streaming discord_rpc@1 to /home/david/.config/discord/0.0.28/modules/pending/discord_rpc-1.zip
2023-08-22T03:10:13.524Z [Modules] Installing discord_game_utils@2 from /home/david/.config/discord/0.0.28/modules/pending/discord_game_utils-2.zip
2023-08-22T03:10:13.555Z [Modules] Finished module installations. [success: 2] [failure: 0]
2023-08-22T03:10:13.713Z [Modules] Streaming discord_rpc@1 to /home/david/.config/discord/0.0.28/modules/pending/discord_rpc-1.zip: 100%
2023-08-22T03:10:13.714Z [Modules] Finished module downloads. [success: 3] [failure: 0]
2023-08-22T03:10:13.714Z [Modules] Installing discord_rpc@1 from /home/david/.config/discord/0.0.28/modules/pending/discord_rpc-1.zip
2023-08-22T03:10:13.731Z [Modules] Finished module installations. [success: 1] [failure: 0]
2023-08-22T03:53:29.889Z [Modules] Modules initializing
2023-08-22T03:53:29.891Z [Modules] Distribution: remote
2023-08-22T03:53:29.891Z [Modules] Host updates: enabled
2023-08-22T03:53:29.891Z [Modules] Module updates: enabled
2023-08-22T03:53:29.891Z [Modules] Module install path: /home/david/.config/discord/0.0.28/modules
2023-08-22T03:53:29.891Z [Modules] Module installed file path: /home/david/.config/discord/0.0.28/modules/installed.json
2023-08-22T03:53:29.891Z [Modules] Module download path: /home/david/.config/discord/0.0.28/modules/pending
2023-08-22T03:53:30.868Z [Modules] No updates to install
2023-08-22T03:53:30.868Z [Modules] Checking for host updates.
2023-08-22T03:53:31.175Z [Modules] Host is up to date.
2023-08-22T03:53:31.176Z [Modules] Checking for module updates at https://discord.com/api/modules/stable/versions.json
2023-08-22T03:53:31.237Z [Modules] No module updates available.
2023-08-22T03:53:33.077Z [Modules] Checking for host updates.
2023-08-22T03:53:33.218Z [Modules] Host is up to date.
2023-08-22T03:53:33.218Z [Modules] Checking for module updates at https://discord.com/api/modules/stable/versions.json
2023-08-22T03:53:33.220Z [Modules] No module updates available.
2023-08-22T23:31:07.461Z [Modules] Modules initializing
2023-08-22T23:31:07.462Z [Modules] Distribution: remote
2023-08-22T23:31:07.462Z [Modules] Host updates: enabled
2023-08-22T23:31:07.462Z [Modules] Module updates: enabled
2023-08-22T23:31:07.462Z [Modules] Module install path: /home/david/.config/discord/0.0.28/modules
2023-08-22T23:31:07.462Z [Modules] Module installed file path: /home/david/.config/discord/0.0.28/modules/installed.json
2023-08-22T23:31:07.462Z [Modules] Module download path: /home/david/.config/discord/0.0.28/modules/pending
2023-08-22T23:31:08.440Z [Modules] No updates to install
2023-08-22T23:31:08.440Z [Modules] Checking for host updates.
2023-08-22T23:31:08.692Z [Modules] Host is up to date.
2023-08-22T23:31:08.692Z [Modules] Checking for module updates at https://discord.com/api/modules/stable/versions.json
2023-08-22T23:31:08.745Z [Modules] No module updates available.
2023-08-22T23:31:10.575Z [Modules] Checking for host updates.
2023-08-22T23:31:10.739Z [Modules] Host is up to date.
2023-08-22T23:31:10.739Z [Modules] Checking for module updates at https://discord.com/api/modules/stable/versions.json
2023-08-22T23:31:10.741Z [Modules] No module updates available.
2023-08-23T01:58:14.900Z [Modules] Modules initializing
2023-08-23T01:58:14.901Z [Modules] Distribution: remote
2023-08-23T01:58:14.901Z [Modules] Host updates: enabled
2023-08-23T01:58:14.901Z [Modules] Module updates: enabled
2023-08-23T01:58:14.901Z [Modules] Module install path: /home/david/.config/discord/0.0.28/modules
2023-08-23T01:58:14.901Z [Modules] Module installed file path: /home/david/.config/discord/0.0.28/modules/installed.json
2023-08-23T01:58:14.901Z [Modules] Module download path: /home/david/.config/discord/0.0.28/modules/pending
2023-08-23T01:58:15.899Z [Modules] No updates to install
2023-08-23T01:58:15.899Z [Modules] Checking for host updates.
2023-08-23T01:58:16.148Z [Modules] Host is up to date.
2023-08-23T01:58:16.148Z [Modules] Checking for module updates at https://discord.com/api/modules/stable/versions.json
2023-08-23T01:58:16.198Z [Modules] No module updates available.
2023-08-23T01:58:17.888Z [Modules] Checking for host updates.
2023-08-23T01:58:18.113Z [Modules] Host is up to date.
2023-08-23T01:58:18.113Z [Modules] Checking for module updates at https://discord.com/api/modules/stable/versions.json
2023-08-23T01:58:18.116Z [Modules] No module updates available.
2023-08-23T02:04:48.016Z [Modules] Modules initializing
2023-08-23T02:04:48.018Z [Modules] Distribution: remote
2023-08-23T02:04:48.018Z [Modules] Host updates: enabled
2023-08-23T02:04:48.018Z [Modules] Module updates: enabled
2023-08-23T02:04:48.019Z [Modules] Module install path: /home/david/.config/discord/0.0.28/modules
2023-08-23T02:04:48.019Z [Modules] Module installed file path: /home/david/.config/discord/0.0.28/modules/installed.json
2023-08-23T02:04:48.019Z [Modules] Module download path: /home/david/.config/discord/0.0.28/modules/pending
2023-08-23T02:04:49.001Z [Modules] No updates to install
2023-08-23T02:04:49.002Z [Modules] Checking for host updates.
2023-08-23T02:04:49.021Z [Modules] Host update failed: Error: getaddrinfo EAI_AGAIN discord.com
2023-08-23T02:04:59.031Z [Modules] Checking for host updates.
2023-08-23T02:04:59.046Z [Modules] Host update failed: Error: getaddrinfo EAI_AGAIN discord.com
2023-08-23T02:05:19.056Z [Modules] Checking for host updates.
2023-08-23T02:05:19.073Z [Modules] Host update failed: Error: getaddrinfo EAI_AGAIN discord.com
2023-08-23T02:05:49.102Z [Modules] Checking for host updates.
2023-08-23T02:05:49.111Z [Modules] Host update failed: Error: getaddrinfo EAI_AGAIN discord.com
2023-08-23T02:06:29.126Z [Modules] Checking for host updates.
2023-08-23T02:06:29.139Z [Modules] Host update failed: Error: getaddrinfo EAI_AGAIN discord.com
2023-08-23T02:07:19.189Z [Modules] Checking for host updates.
2023-08-23T02:07:19.205Z [Modules] Host update failed: Error: getaddrinfo EAI_AGAIN discord.com
2023-08-23T02:08:19.217Z [Modules] Checking for host updates.
2023-08-23T02:08:19.230Z [Modules] Host update failed: Error: getaddrinfo EAI_AGAIN discord.com
2023-08-23T02:09:19.289Z [Modules] Checking for host updates.
2023-08-23T02:09:19.326Z [Modules] Host update failed: Error: getaddrinfo EAI_AGAIN discord.com
2023-08-23T02:10:19.386Z [Modules] Checking for host updates.
2023-08-23T02:10:19.401Z [Modules] Host update failed: Error: getaddrinfo EAI_AGAIN discord.com
2023-08-23T02:11:19.422Z [Modules] Checking for host updates.
2023-08-23T02:11:19.437Z [Modules] Host update failed: Error: getaddrinfo EAI_AGAIN discord.com
2023-08-23T02:12:19.457Z [Modules] Checking for host updates.
2023-08-23T02:12:19.474Z [Modules] Host update failed: Error: getaddrinfo EAI_AGAIN discord.com
2023-08-23T02:13:19.477Z [Modules] Checking for host updates.
2023-08-23T02:13:19.492Z [Modules] Host update failed: Error: getaddrinfo EAI_AGAIN discord.com
2023-08-23T02:14:19.500Z [Modules] Checking for host updates.
2023-08-23T02:14:19.511Z [Modules] Host update failed: Error: getaddrinfo EAI_AGAIN discord.com
2023-08-23T02:15:19.538Z [Modules] Checking for host updates.
2023-08-23T02:15:19.549Z [Modules] Host update failed: Error: getaddrinfo EAI_AGAIN discord.com
2023-08-23T02:16:19.587Z [Modules] Checking for host updates.
2023-08-23T02:16:19.595Z [Modules] Host update failed: Error: getaddrinfo EAI_AGAIN discord.com
2023-08-23T02:17:19.605Z [Modules] Checking for host updates.
2023-08-23T02:17:19.614Z [Modules] Host update failed: Error: getaddrinfo EAI_AGAIN discord.com
2023-08-23T02:18:19.675Z [Modules] Checking for host updates.
2023-08-23T02:18:19.684Z [Modules] Host update failed: Error: getaddrinfo EAI_AGAIN discord.com
2023-08-23T02:19:19.745Z [Modules] Checking for host updates.
2023-08-23T02:19:19.760Z [Modules] Host update failed: Error: getaddrinfo EAI_AGAIN discord.com
2023-08-23T02:20:19.820Z [Modules] Checking for host updates.
2023-08-23T02:20:19.833Z [Modules] Host update failed: Error: getaddrinfo EAI_AGAIN discord.com
2023-08-23T02:21:19.858Z [Modules] Checking for host updates.
2023-08-23T02:21:19.871Z [Modules] Host update failed: Error: getaddrinfo EAI_AGAIN discord.com
2023-08-23T02:22:19.932Z [Modules] Checking for host updates.
2023-08-23T02:22:19.949Z [Modules] Host update failed: Error: getaddrinfo EAI_AGAIN discord.com
2023-08-23T02:23:19.962Z [Modules] Checking for host updates.
2023-08-23T02:23:19.973Z [Modules] Host update failed: Error: getaddrinfo EAI_AGAIN discord.com
2023-08-23T02:24:20.032Z [Modules] Checking for host updates.
2023-08-23T02:24:20.047Z [Modules] Host update failed: Error: getaddrinfo EAI_AGAIN discord.com
2023-08-23T02:25:20.106Z [Modules] Checking for host updates.
2023-08-23T02:25:20.123Z [Modules] Host update failed: Error: getaddrinfo EAI_AGAIN discord.com
2023-08-23T02:26:20.182Z [Modules] Checking for host updates.
2023-08-23T02:26:20.191Z [Modules] Host update failed: Error: getaddrinfo EAI_AGAIN discord.com
2023-08-23T02:27:20.252Z [Modules] Checking for host updates.
2023-08-23T02:27:20.264Z [Modules] Host update failed: Error: getaddrinfo EAI_AGAIN discord.com
2023-08-23T02:28:20.275Z [Modules] Checking for host updates.
2023-08-23T02:28:20.287Z [Modules] Host update failed: Error: getaddrinfo EAI_AGAIN discord.com
2023-08-23T02:29:20.345Z [Modules] Checking for host updates.
2023-08-23T02:29:20.358Z [Modules] Host update failed: Error: getaddrinfo EAI_AGAIN discord.com
2023-08-23T02:30:20.374Z [Modules] Checking for host updates.
2023-08-23T02:30:20.388Z [Modules] Host update failed: Error: getaddrinfo EAI_AGAIN discord.com
2023-08-23T02:31:20.449Z [Modules] Checking for host updates.
2023-08-23T02:31:20.486Z [Modules] Host update failed: Error: getaddrinfo EAI_AGAIN discord.com
2023-08-23T02:32:20.546Z [Modules] Checking for host updates.
2023-08-23T02:32:20.559Z [Modules] Host update failed: Error: getaddrinfo EAI_AGAIN discord.com
2023-08-23T02:33:20.573Z [Modules] Checking for host updates.
2023-08-23T02:33:20.589Z [Modules] Host update failed: Error: getaddrinfo EAI_AGAIN discord.com
2023-08-23T02:34:20.612Z [Modules] Checking for host updates.
2023-08-23T02:34:20.626Z [Modules] Host update failed: Error: getaddrinfo EAI_AGAIN discord.com
2023-08-23T02:35:20.638Z [Modules] Checking for host updates.
2023-08-23T02:35:20.649Z [Modules] Host update failed: Error: getaddrinfo EAI_AGAIN discord.com
2023-08-23T02:36:20.710Z [Modules] Checking for host updates.
2023-08-23T02:36:20.722Z [Modules] Host update failed: Error: getaddrinfo EAI_AGAIN discord.com
2023-08-23T02:37:20.736Z [Modules] Checking for host updates.
2023-08-23T02:37:20.750Z [Modules] Host update failed: Error: getaddrinfo EAI_AGAIN discord.com
2023-08-23T02:38:20.810Z [Modules] Checking for host updates.
2023-08-23T02:38:20.847Z [Modules] Host update failed: Error: getaddrinfo EAI_AGAIN discord.com
2023-08-23T02:39:20.905Z [Modules] Checking for host updates.
2023-08-23T02:39:20.942Z [Modules] Host update failed: Error: getaddrinfo EAI_AGAIN discord.com
2023-08-23T02:40:20.946Z [Modules] Checking for host updates.
2023-08-23T02:40:20.959Z [Modules] Host update failed: Error: getaddrinfo EAI_AGAIN discord.com
2023-08-23T02:41:20.975Z [Modules] Checking for host updates.
2023-08-23T02:41:21.012Z [Modules] Host update failed: Error: getaddrinfo EAI_AGAIN discord.com
2023-08-23T02:42:21.072Z [Modules] Checking for host updates.
2023-08-23T02:42:21.109Z [Modules] Host update failed: Error: getaddrinfo EAI_AGAIN discord.com
2023-08-23T02:43:21.169Z [Modules] Checking for host updates.
2023-08-23T02:43:21.206Z [Modules] Host update failed: Error: getaddrinfo EAI_AGAIN discord.com
2023-08-23T03:58:54.382Z [Modules] Modules initializing
2023-08-23T03:58:54.383Z [Modules] Distribution: remote
2023-08-23T03:58:54.383Z [Modules] Host updates: enabled
2023-08-23T03:58:54.383Z [Modules] Module updates: enabled
2023-08-23T03:58:54.383Z [Modules] Module install path: /home/david/.config/discord/0.0.28/modules
2023-08-23T03:58:54.383Z [Modules] Module installed file path: /home/david/.config/discord/0.0.28/modules/installed.json
2023-08-23T03:58:54.383Z [Modules] Module download path: /home/david/.config/discord/0.0.28/modules/pending
2023-08-23T03:58:54.516Z [Modules] No updates to install
2023-08-23T03:58:54.516Z [Modules] Checking for host updates.
2023-08-23T03:58:54.763Z [Modules] Host is up to date.
2023-08-23T03:58:54.763Z [Modules] Checking for module updates at https://discord.com/api/modules/stable/versions.json
2023-08-23T03:58:54.809Z [Modules] No module updates available.
2023-08-23T03:58:56.748Z [Modules] Checking for host updates.
2023-08-23T03:58:56.878Z [Modules] Host is up to date.
2023-08-23T03:58:56.878Z [Modules] Checking for module updates at https://discord.com/api/modules/stable/versions.json
2023-08-23T03:58:56.880Z [Modules] No module updates available.
2023-08-23T22:49:12.804Z [Modules] Modules initializing
2023-08-23T22:49:12.805Z [Modules] Distribution: remote
2023-08-23T22:49:12.805Z [Modules] Host updates: enabled
2023-08-23T22:49:12.805Z [Modules] Module updates: enabled
2023-08-23T22:49:12.805Z [Modules] Module install path: /home/david/.config/discord/0.0.28/modules
2023-08-23T22:49:12.805Z [Modules] Module installed file path: /home/david/.config/discord/0.0.28/modules/installed.json
2023-08-23T22:49:12.805Z [Modules] Module download path: /home/david/.config/discord/0.0.28/modules/pending
2023-08-23T22:49:14.071Z [Modules] No updates to install
2023-08-23T22:49:14.071Z [Modules] Checking for host updates.
2023-08-23T22:49:14.433Z [Modules] Host is up to date.
2023-08-23T22:49:14.434Z [Modules] Checking for module updates at https://discord.com/api/modules/stable/versions.json
2023-08-23T22:49:14.485Z [Modules] No module updates available.
2023-08-23T22:49:18.158Z [Modules] Checking for host updates.
2023-08-23T22:49:18.346Z [Modules] Host is up to date.
2023-08-23T22:49:18.346Z [Modules] Checking for module updates at https://discord.com/api/modules/stable/versions.json
2023-08-23T22:49:18.348Z [Modules] No module updates available.
2023-08-23T23:49:18.160Z [Modules] Checking for host updates.
2023-08-23T23:49:18.360Z [Modules] Host is up to date.
2023-08-23T23:49:18.360Z [Modules] Checking for module updates at https://discord.com/api/modules/stable/versions.json
2023-08-23T23:49:18.409Z [Modules] No module updates available.
2023-08-24T00:49:18.164Z [Modules] Checking for host updates.
2023-08-24T00:49:18.359Z [Modules] Host is up to date.
2023-08-24T00:49:18.359Z [Modules] Checking for module updates at https://discord.com/api/modules/stable/versions.json
2023-08-24T00:49:18.411Z [Modules] No module updates available.
2023-08-24T16:34:13.140Z [Modules] Modules initializing
2023-08-24T16:34:13.141Z [Modules] Distribution: remote
2023-08-24T16:34:13.141Z [Modules] Host updates: enabled
2023-08-24T16:34:13.141Z [Modules] Module updates: enabled
2023-08-24T16:34:13.141Z [Modules] Module install path: /home/david/.config/discord/0.0.28/modules
2023-08-24T16:34:13.141Z [Modules] Module installed file path: /home/david/.config/discord/0.0.28/modules/installed.json
2023-08-24T16:34:13.141Z [Modules] Module download path: /home/david/.config/discord/0.0.28/modules/pending
2023-08-24T16:34:14.399Z [Modules] No updates to install
2023-08-24T16:34:14.400Z [Modules] Checking for host updates.
2023-08-24T16:34:14.585Z [Modules] Host is up to date.
2023-08-24T16:34:14.586Z [Modules] Checking for module updates at https://discord.com/api/modules/stable/versions.json
2023-08-24T16:34:14.629Z [Modules] No module updates available.
2023-08-24T16:34:16.783Z [Modules] Checking for host updates.
2023-08-24T16:34:16.910Z [Modules] Host is up to date.
2023-08-24T16:34:16.910Z [Modules] Checking for module updates at https://discord.com/api/modules/stable/versions.json
2023-08-24T16:34:16.912Z [Modules] No module updates available.
2023-08-25T05:48:06.403Z [Modules] Modules initializing
2023-08-25T05:48:06.406Z [Modules] Distribution: remote
2023-08-25T05:48:06.406Z [Modules] Host updates: enabled
2023-08-25T05:48:06.407Z [Modules] Module updates: enabled
2023-08-25T05:48:06.407Z [Modules] Module install path: /home/david/.config/discord/0.0.28/modules
2023-08-25T05:48:06.407Z [Modules] Module installed file path: /home/david/.config/discord/0.0.28/modules/installed.json
2023-08-25T05:48:06.407Z [Modules] Module download path: /home/david/.config/discord/0.0.28/modules/pending
2023-08-25T05:48:06.548Z [Modules] No updates to install
2023-08-25T05:48:06.548Z [Modules] Checking for host updates.
2023-08-25T05:48:06.734Z [Modules] Host is up to date.
2023-08-25T05:48:06.735Z [Modules] Checking for module updates at https://discord.com/api/modules/stable/versions.json
2023-08-25T05:48:06.780Z [Modules] No module updates available.
2023-08-25T05:48:08.486Z [Modules] Checking for host updates.
2023-08-25T05:48:08.611Z [Modules] Host is up to date.
2023-08-25T05:48:08.611Z [Modules] Checking for module updates at https://discord.com/api/modules/stable/versions.json
2023-08-25T05:48:08.613Z [Modules] No module updates available.
2023-08-26T04:35:00.949Z [Modules] Modules initializing
2023-08-26T04:35:00.950Z [Modules] Distribution: remote
2023-08-26T04:35:00.950Z [Modules] Host updates: enabled
2023-08-26T04:35:00.950Z [Modules] Module updates: enabled
2023-08-26T04:35:00.951Z [Modules] Module install path: /home/david/.config/discord/0.0.28/modules
2023-08-26T04:35:00.951Z [Modules] Module installed file path: /home/david/.config/discord/0.0.28/modules/installed.json
2023-08-26T04:35:00.951Z [Modules] Module download path: /home/david/.config/discord/0.0.28/modules/pending
2023-08-26T04:35:02.208Z [Modules] No updates to install
2023-08-26T04:35:02.208Z [Modules] Checking for host updates.
2023-08-26T04:35:02.398Z [Modules] Host is up to date.
2023-08-26T04:35:02.399Z [Modules] Checking for module updates at https://discord.com/api/modules/stable/versions.json
2023-08-26T04:35:02.530Z [Modules] No module updates available.
2023-08-26T04:35:04.420Z [Modules] Checking for host updates.
2023-08-26T04:35:04.543Z [Modules] Host is up to date.
2023-08-26T04:35:04.543Z [Modules] Checking for module updates at https://discord.com/api/modules/stable/versions.json
2023-08-26T04:35:04.544Z [Modules] No module updates available.
2023-08-26T05:35:04.426Z [Modules] Checking for host updates.
2023-08-26T05:35:04.608Z [Modules] Host is up to date.
2023-08-26T05:35:04.608Z [Modules] Checking for module updates at https://discord.com/api/modules/stable/versions.json
2023-08-26T05:35:04.658Z [Modules] No module updates available.
